[0.025s] Invoking command in '/root/ros2_ws/src/build/go2_bringup': CMAKE_PREFIX_PATH=${CMAKE_PREFIX_PATH}:/opt/ros/humble /usr/bin/cmake /root/ros2_ws/src/go2_bringup -DAMENT_CMAKE_SYMLINK_INSTALL=1 -DCMAKE_INSTALL_PREFIX=/root/ros2_ws/src/install/go2_bringup
[0.131s] -- The C compiler identification is GNU 11.4.0
[0.219s] -- The CXX compiler identification is GNU 11.4.0
[0.231s] -- Detecting C compiler ABI info
[0.352s] -- Detecting C compiler ABI info - done
[0.371s] -- Check for working C compiler: /usr/bin/cc - skipped
[0.372s] -- Detecting C compile features
[0.373s] -- Detecting C compile features - done
[0.380s] -- Detecting CXX compiler ABI info
[0.521s] -- Detecting CXX compiler ABI info - done
[0.545s] -- Check for working CXX compiler: /usr/bin/c++ - skipped
[0.546s] -- Detecting CXX compile features
[0.547s] -- Detecting CXX compile features - done
[0.568s] -- Found ament_cmake: 1.3.12 (/opt/ros/humble/share/ament_cmake/cmake)
[0.874s] -- Found Python3: /usr/bin/python3 (found version "3.10.12") found components: Interpreter 
[0.992s] -- Override CMake install command with custom implementation using symlinks instead of copying resources
[1.174s] -- Found ament_lint_auto: 0.12.14 (/opt/ros/humble/share/ament_lint_auto/cmake)
[1.388s] -- Added test 'copyright' to check source files copyright and LICENSE
[1.391s] -- Added test 'flake8' to check Python code syntax and style conventions
[1.393s] -- Added test 'lint_cmake' to check CMake code style
[1.394s] -- Added test 'pep257' to check Python code against some of the docstring style conventions in PEP 257
[1.397s] -- Added test 'xmllint' to check XML markup files
[1.402s] -- Configuring done
[1.408s] -- Generating done
[1.410s] -- Build files have been written to: /root/ros2_ws/src/build/go2_bringup
[1.421s] Invoked command in '/root/ros2_ws/src/build/go2_bringup' returned '0': CMAKE_PREFIX_PATH=${CMAKE_PREFIX_PATH}:/opt/ros/humble /usr/bin/cmake /root/ros2_ws/src/go2_bringup -DAMENT_CMAKE_SYMLINK_INSTALL=1 -DCMAKE_INSTALL_PREFIX=/root/ros2_ws/src/install/go2_bringup
[1.425s] Invoking command in '/root/ros2_ws/src/build/go2_bringup': CMAKE_PREFIX_PATH=${CMAKE_PREFIX_PATH}:/opt/ros/humble /usr/bin/cmake --build /root/ros2_ws/src/build/go2_bringup -- -j8 -l8
[1.497s] Invoked command in '/root/ros2_ws/src/build/go2_bringup' returned '0': CMAKE_PREFIX_PATH=${CMAKE_PREFIX_PATH}:/opt/ros/humble /usr/bin/cmake --build /root/ros2_ws/src/build/go2_bringup -- -j8 -l8
[1.516s] Invoking command in '/root/ros2_ws/src/build/go2_bringup': CMAKE_PREFIX_PATH=${CMAKE_PREFIX_PATH}:/opt/ros/humble /usr/bin/cmake --install /root/ros2_ws/src/build/go2_bringup
[1.530s] -- Install configuration: ""
[1.531s] -- Execute custom install script
[1.531s] -- Symlinking: /root/ros2_ws/src/install/go2_bringup/share/go2_bringup/launch/ego_planner_nav.launch.py
[1.547s] -- Symlinking: /root/ros2_ws/src/install/go2_bringup/share/go2_bringup/launch/nav2_testing.launch.py
[1.564s] -- Symlinking: /root/ros2_ws/src/install/go2_bringup/share/go2_bringup/launch/super_odom.launch.py
[1.581s] -- Symlinking: /root/ros2_ws/src/install/go2_bringup/share/ament_index/resource_index/package_run_dependencies/go2_bringup
[1.597s] -- Symlinking: /root/ros2_ws/src/install/go2_bringup/share/ament_index/resource_index/parent_prefix_path/go2_bringup
[1.613s] -- Symlinking: /root/ros2_ws/src/install/go2_bringup/share/go2_bringup/environment/ament_prefix_path.sh
[1.628s] -- Symlinking: /root/ros2_ws/src/install/go2_bringup/share/go2_bringup/environment/ament_prefix_path.dsv
[1.645s] -- Symlinking: /root/ros2_ws/src/install/go2_bringup/share/go2_bringup/environment/path.sh
[1.660s] -- Symlinking: /root/ros2_ws/src/install/go2_bringup/share/go2_bringup/environment/path.dsv
[1.676s] -- Symlinking: /root/ros2_ws/src/install/go2_bringup/share/go2_bringup/local_setup.bash
[1.692s] -- Symlinking: /root/ros2_ws/src/install/go2_bringup/share/go2_bringup/local_setup.sh
[1.709s] -- Symlinking: /root/ros2_ws/src/install/go2_bringup/share/go2_bringup/local_setup.zsh
[1.725s] -- Symlinking: /root/ros2_ws/src/install/go2_bringup/share/go2_bringup/local_setup.dsv
[1.741s] -- Symlinking: /root/ros2_ws/src/install/go2_bringup/share/go2_bringup/package.dsv
[1.757s] -- Symlinking: /root/ros2_ws/src/install/go2_bringup/share/ament_index/resource_index/packages/go2_bringup
[1.774s] -- Symlinking: /root/ros2_ws/src/install/go2_bringup/share/go2_bringup/cmake/go2_bringupConfig.cmake
[1.790s] -- Symlinking: /root/ros2_ws/src/install/go2_bringup/share/go2_bringup/cmake/go2_bringupConfig-version.cmake
[1.805s] -- Symlinking: /root/ros2_ws/src/install/go2_bringup/share/go2_bringup/package.xml
[1.827s] Invoked command in '/root/ros2_ws/src/build/go2_bringup' returned '0': CMAKE_PREFIX_PATH=${CMAKE_PREFIX_PATH}:/opt/ros/humble /usr/bin/cmake --install /root/ros2_ws/src/build/go2_bringup
