[0.026s] Invoking command in '/root/ros2_ws/src/build/go2_nav2': CMAKE_PREFIX_PATH=${CMAKE_PREFIX_PATH}:/opt/ros/humble /usr/bin/cmake /root/ros2_ws/src/go2_nav2 -DAMENT_CMAKE_SYMLINK_INSTALL=1 -DCMAKE_INSTALL_PREFIX=/root/ros2_ws/src/install/go2_nav2
[0.057s] -- Found ament_cmake: 1.3.12 (/opt/ros/humble/share/ament_cmake/cmake)
[0.288s] -- Override CMake install command with custom implementation using symlinks instead of copying resources
[0.304s] -- Found rclcpp: 16.0.15 (/opt/ros/humble/share/rclcpp/cmake)
[0.355s] -- Found rosidl_generator_c: 3.1.7 (/opt/ros/humble/share/rosidl_generator_c/cmake)
[0.359s] -- Found rosidl_adapter: 3.1.7 (/opt/ros/humble/share/rosidl_adapter/cmake)
[0.368s] -- Found rosidl_generator_cpp: 3.1.7 (/opt/ros/humble/share/rosidl_generator_cpp/cmake)
[0.383s] -- Using all available rosidl_typesupport_c: rosidl_typesupport_fastrtps_c;rosidl_typesupport_introspection_c
[0.404s] -- Using all available rosidl_typesupport_cpp: rosidl_typesupport_fastrtps_cpp;rosidl_typesupport_introspection_cpp
[0.458s] -- Found rmw_implementation_cmake: 6.1.2 (/opt/ros/humble/share/rmw_implementation_cmake/cmake)
[0.461s] -- Found rmw_cyclonedds_cpp: 1.3.4 (/opt/ros/humble/share/rmw_cyclonedds_cpp/cmake)
[0.489s] -- Using RMW implementation 'rmw_cyclonedds_cpp' as default
[0.563s] -- Found nav_msgs: 4.9.0 (/opt/ros/humble/share/nav_msgs/cmake)
[0.605s] -- Found tf2: 0.25.16 (/opt/ros/humble/share/tf2/cmake)
[0.610s] -- Found tf2_ros: 0.25.16 (/opt/ros/humble/share/tf2_ros/cmake)
[0.724s] -- Found tf2_geometry_msgs: 0.25.16 (/opt/ros/humble/share/tf2_geometry_msgs/cmake)
[0.730s] -- Found eigen3_cmake_module: 0.1.1 (/opt/ros/humble/share/eigen3_cmake_module/cmake)
[0.731s] -- Ensuring Eigen3 include directory is part of orocos-kdl CMake target
[0.748s] -- Found ament_lint_auto: 0.12.14 (/opt/ros/humble/share/ament_lint_auto/cmake)
[0.881s] -- Added test 'cppcheck' to perform static code analysis on C / C++ code
[0.882s] -- Configured cppcheck include dirs: /root/ros2_ws/src/go2_nav2/include
[0.882s] -- Configured cppcheck exclude dirs and/or files: 
[0.883s] -- Added test 'lint_cmake' to check CMake code style
[0.884s] -- Added test 'uncrustify' to check C / C++ code style
[0.884s] -- Configured uncrustify additional arguments: 
[0.884s] -- Added test 'xmllint' to check XML markup files
[0.886s] -- Configuring done
[0.921s] -- Generating done
[0.934s] -- Build files have been written to: /root/ros2_ws/src/build/go2_nav2
[0.953s] Invoked command in '/root/ros2_ws/src/build/go2_nav2' returned '0': CMAKE_PREFIX_PATH=${CMAKE_PREFIX_PATH}:/opt/ros/humble /usr/bin/cmake /root/ros2_ws/src/go2_nav2 -DAMENT_CMAKE_SYMLINK_INSTALL=1 -DCMAKE_INSTALL_PREFIX=/root/ros2_ws/src/install/go2_nav2
[0.957s] Invoking command in '/root/ros2_ws/src/build/go2_nav2': CMAKE_PREFIX_PATH=${CMAKE_PREFIX_PATH}:/opt/ros/humble /usr/bin/cmake --build /root/ros2_ws/src/build/go2_nav2 -- -j8 -l8
[1.040s] [35m[1mConsolidate compiler generated dependencies of target transform_remapper[0m
[1.040s] [35m[1mConsolidate compiler generated dependencies of target odom_tf_broadcaster[0m
[1.041s] [35m[1mConsolidate compiler generated dependencies of target footprint_transform_publisher[0m
[1.088s] [100%] Built target footprint_transform_publisher
[1.088s] [100%] Built target odom_tf_broadcaster
[1.088s] [100%] Built target transform_remapper
[1.112s] Invoked command in '/root/ros2_ws/src/build/go2_nav2' returned '0': CMAKE_PREFIX_PATH=${CMAKE_PREFIX_PATH}:/opt/ros/humble /usr/bin/cmake --build /root/ros2_ws/src/build/go2_nav2 -- -j8 -l8
[1.135s] Invoking command in '/root/ros2_ws/src/build/go2_nav2': CMAKE_PREFIX_PATH=${CMAKE_PREFIX_PATH}:/opt/ros/humble /usr/bin/cmake --install /root/ros2_ws/src/build/go2_nav2
[1.153s] -- Install configuration: ""
[1.153s] -- Execute custom install script
[1.154s] -- Up-to-date symlink: /root/ros2_ws/src/install/go2_nav2/lib/go2_nav2/odom_tf_broadcaster
[1.154s] -- Up-to-date symlink: /root/ros2_ws/src/install/go2_nav2/lib/go2_nav2/transform_remapper
[1.155s] -- Up-to-date symlink: /root/ros2_ws/src/install/go2_nav2/lib/go2_nav2/footprint_transform_publisher
[1.155s] -- Up-to-date symlink: /root/ros2_ws/src/install/go2_nav2/share/ament_index/resource_index/package_run_dependencies/go2_nav2
[1.155s] -- Up-to-date symlink: /root/ros2_ws/src/install/go2_nav2/share/ament_index/resource_index/parent_prefix_path/go2_nav2
[1.156s] -- Up-to-date symlink: /root/ros2_ws/src/install/go2_nav2/share/go2_nav2/environment/ament_prefix_path.sh
[1.156s] -- Up-to-date symlink: /root/ros2_ws/src/install/go2_nav2/share/go2_nav2/environment/ament_prefix_path.dsv
[1.158s] -- Up-to-date symlink: /root/ros2_ws/src/install/go2_nav2/share/go2_nav2/environment/path.sh
[1.158s] -- Up-to-date symlink: /root/ros2_ws/src/install/go2_nav2/share/go2_nav2/environment/path.dsv
[1.158s] -- Up-to-date symlink: /root/ros2_ws/src/install/go2_nav2/share/go2_nav2/local_setup.bash
[1.158s] -- Up-to-date symlink: /root/ros2_ws/src/install/go2_nav2/share/go2_nav2/local_setup.sh
[1.158s] -- Up-to-date symlink: /root/ros2_ws/src/install/go2_nav2/share/go2_nav2/local_setup.zsh
[1.158s] -- Up-to-date symlink: /root/ros2_ws/src/install/go2_nav2/share/go2_nav2/local_setup.dsv
[1.159s] -- Symlinking: /root/ros2_ws/src/install/go2_nav2/share/go2_nav2/package.dsv
[1.177s] -- Up-to-date symlink: /root/ros2_ws/src/install/go2_nav2/share/ament_index/resource_index/packages/go2_nav2
[1.177s] -- Up-to-date symlink: /root/ros2_ws/src/install/go2_nav2/share/go2_nav2/cmake/go2_nav2Config.cmake
[1.177s] -- Up-to-date symlink: /root/ros2_ws/src/install/go2_nav2/share/go2_nav2/cmake/go2_nav2Config-version.cmake
[1.177s] -- Up-to-date symlink: /root/ros2_ws/src/install/go2_nav2/share/go2_nav2/package.xml
[1.182s] Invoked command in '/root/ros2_ws/src/build/go2_nav2' returned '0': CMAKE_PREFIX_PATH=${CMAKE_PREFIX_PATH}:/opt/ros/humble /usr/bin/cmake --install /root/ros2_ws/src/build/go2_nav2
