[0.025s] Invoking command in '/root/ros2_ws/src/build/go2_nav2': CMAKE_PREFIX_PATH=${CMAKE_PREFIX_PATH}:/opt/ros/humble /usr/bin/cmake --build /root/ros2_ws/src/build/go2_nav2 -- -j8 -l8
[0.122s] [35m[1mConsolidate compiler generated dependencies of target tf_tree_publisher_node[0m
[0.153s] [ 50%] Built target transform_remapper
[0.154s] [ 50%] Built target footprint_transform_publisher
[0.157s] [ 75%] Built target odom_tf_broadcaster
[0.165s] [ 87%] [32mBuilding CXX object CMakeFiles/tf_tree_publisher_node.dir/src/tf_tree_publisher_node.cpp.o[0m
[17.237s] [100%] [32m[1mLinking CXX executable tf_tree_publisher_node[0m
[18.081s] [100%] Built target tf_tree_publisher_node
[18.103s] Invoked command in '/root/ros2_ws/src/build/go2_nav2' returned '0': CMAKE_PREFIX_PATH=${CMAKE_PREFIX_PATH}:/opt/ros/humble /usr/bin/cmake --build /root/ros2_ws/src/build/go2_nav2 -- -j8 -l8
[18.123s] Invoking command in '/root/ros2_ws/src/build/go2_nav2': CMAKE_PREFIX_PATH=${CMAKE_PREFIX_PATH}:/opt/ros/humble /usr/bin/cmake --install /root/ros2_ws/src/build/go2_nav2
[18.137s] -- Install configuration: ""
[18.138s] -- Execute custom install script
[18.138s] -- Up-to-date symlink: /root/ros2_ws/src/install/go2_nav2/lib/go2_nav2/odom_tf_broadcaster
[18.139s] -- Up-to-date symlink: /root/ros2_ws/src/install/go2_nav2/lib/go2_nav2/transform_remapper
[18.139s] -- Up-to-date symlink: /root/ros2_ws/src/install/go2_nav2/lib/go2_nav2/footprint_transform_publisher
[18.139s] -- Up-to-date symlink: /root/ros2_ws/src/install/go2_nav2/lib/go2_nav2/tf_tree_publisher_node
[18.139s] -- Up-to-date symlink: /root/ros2_ws/src/install/go2_nav2/share/ament_index/resource_index/package_run_dependencies/go2_nav2
[18.140s] -- Up-to-date symlink: /root/ros2_ws/src/install/go2_nav2/share/ament_index/resource_index/parent_prefix_path/go2_nav2
[18.140s] -- Up-to-date symlink: /root/ros2_ws/src/install/go2_nav2/share/go2_nav2/environment/ament_prefix_path.sh
[18.140s] -- Up-to-date symlink: /root/ros2_ws/src/install/go2_nav2/share/go2_nav2/environment/ament_prefix_path.dsv
[18.140s] -- Up-to-date symlink: /root/ros2_ws/src/install/go2_nav2/share/go2_nav2/environment/path.sh
[18.141s] -- Up-to-date symlink: /root/ros2_ws/src/install/go2_nav2/share/go2_nav2/environment/path.dsv
[18.141s] -- Up-to-date symlink: /root/ros2_ws/src/install/go2_nav2/share/go2_nav2/local_setup.bash
[18.141s] -- Up-to-date symlink: /root/ros2_ws/src/install/go2_nav2/share/go2_nav2/local_setup.sh
[18.141s] -- Up-to-date symlink: /root/ros2_ws/src/install/go2_nav2/share/go2_nav2/local_setup.zsh
[18.141s] -- Up-to-date symlink: /root/ros2_ws/src/install/go2_nav2/share/go2_nav2/local_setup.dsv
[18.142s] -- Symlinking: /root/ros2_ws/src/install/go2_nav2/share/go2_nav2/package.dsv
[18.160s] -- Up-to-date symlink: /root/ros2_ws/src/install/go2_nav2/share/ament_index/resource_index/packages/go2_nav2
[18.160s] -- Up-to-date symlink: /root/ros2_ws/src/install/go2_nav2/share/go2_nav2/cmake/go2_nav2Config.cmake
[18.160s] -- Up-to-date symlink: /root/ros2_ws/src/install/go2_nav2/share/go2_nav2/cmake/go2_nav2Config-version.cmake
[18.160s] -- Up-to-date symlink: /root/ros2_ws/src/install/go2_nav2/share/go2_nav2/package.xml
[18.165s] Invoked command in '/root/ros2_ws/src/build/go2_nav2' returned '0': CMAKE_PREFIX_PATH=${CMAKE_PREFIX_PATH}:/opt/ros/humble /usr/bin/cmake --install /root/ros2_ws/src/build/go2_nav2
