[0.022s] Invoking command in '/root/ros2_ws/src/build/pointcloud_to_laserscan': CMAKE_PREFIX_PATH=${CMAKE_PREFIX_PATH}:/opt/ros/humble /usr/bin/cmake /root/ros2_ws/src/pointcloud_to_laserscan -DAMENT_CMAKE_SYMLINK_INSTALL=1 -DCMAKE_INSTALL_PREFIX=/root/ros2_ws/src/install/pointcloud_to_laserscan
[0.134s] -- The C compiler identification is GNU 11.4.0
[0.229s] -- The CXX compiler identification is GNU 11.4.0
[0.244s] -- Detecting C compiler ABI info
[0.368s] -- Detecting C compiler ABI info - done
[0.378s] -- Check for working C compiler: /usr/bin/cc - skipped
[0.378s] -- Detecting C compile features
[0.378s] -- Detecting C compile features - done
[0.383s] -- Detecting CXX compiler ABI info
[0.523s] -- Detecting CXX compiler ABI info - done
[0.533s] -- Check for working CXX compiler: /usr/bin/c++ - skipped
[0.533s] -- Detecting CXX compile features
[0.534s] -- Detecting CXX compile features - done
[0.547s] -- Found ament_cmake_auto: 1.3.12 (/opt/ros/humble/share/ament_cmake_auto/cmake)
[0.881s] -- Found Python3: /usr/bin/python3 (found version "3.10.12") found components: Interpreter 
[1.014s] -- Override CMake install command with custom implementation using symlinks instead of copying resources
[1.506s] -- Found rosidl_generator_c: 3.1.7 (/opt/ros/humble/share/rosidl_generator_c/cmake)
[1.535s] -- Found rosidl_adapter: 3.1.7 (/opt/ros/humble/share/rosidl_adapter/cmake)
[1.569s] -- Found rosidl_generator_cpp: 3.1.7 (/opt/ros/humble/share/rosidl_generator_cpp/cmake)
[1.613s] -- Using all available rosidl_typesupport_c: rosidl_typesupport_fastrtps_c;rosidl_typesupport_introspection_c
[1.673s] -- Using all available rosidl_typesupport_cpp: rosidl_typesupport_fastrtps_cpp;rosidl_typesupport_introspection_cpp
[1.851s] -- Found rmw_implementation_cmake: 6.1.2 (/opt/ros/humble/share/rmw_implementation_cmake/cmake)
[1.866s] -- Found rmw_cyclonedds_cpp: 1.3.4 (/opt/ros/humble/share/rmw_cyclonedds_cpp/cmake)
[1.942s] -- Using RMW implementation 'rmw_cyclonedds_cpp' as default
[1.981s] -- Looking for pthread.h
[2.121s] -- Looking for pthread.h - found
[2.121s] -- Performing Test CMAKE_HAVE_LIBC_PTHREAD
[2.251s] -- Performing Test CMAKE_HAVE_LIBC_PTHREAD - Success
[2.253s] -- Found Threads: TRUE  
[2.794s] -- Found ament_lint_auto: 0.12.14 (/opt/ros/humble/share/ament_lint_auto/cmake)
[2.871s] [0mIn this package, headers install destination is set to `include` by ament_auto_package. It is recommended to install `include/pointcloud_to_laserscan` instead and will be the default behavior of ament_auto_package from ROS 2 Kilted Kaiju. On distributions before Kilted, ament_auto_package behaves the same way when you use USE_SCOPED_HEADER_INSTALL_DIR option.[0m
[2.886s] -- Added test 'cppcheck' to perform static code analysis on C / C++ code
[2.886s] -- Configured cppcheck include dirs: /root/ros2_ws/src/pointcloud_to_laserscan/include
[2.886s] -- Configured cppcheck exclude dirs and/or files: 
[2.892s] -- Added test 'cpplint' to check C / C++ code against the Google style
[2.892s] -- Configured cpplint exclude dirs and/or files: 
[2.894s] -- Added test 'flake8' to check Python code syntax and style conventions
[2.897s] -- Added test 'lint_cmake' to check CMake code style
[2.899s] -- Added test 'pep257' to check Python code against some of the docstring style conventions in PEP 257
[2.904s] -- Added test 'uncrustify' to check C / C++ code style
[2.904s] -- Configured uncrustify additional arguments: 
[2.907s] -- Added test 'xmllint' to check XML markup files
[2.915s] -- Configuring done
[2.988s] -- Generating done
[3.007s] -- Build files have been written to: /root/ros2_ws/src/build/pointcloud_to_laserscan
[3.032s] Invoked command in '/root/ros2_ws/src/build/pointcloud_to_laserscan' returned '0': CMAKE_PREFIX_PATH=${CMAKE_PREFIX_PATH}:/opt/ros/humble /usr/bin/cmake /root/ros2_ws/src/pointcloud_to_laserscan -DAMENT_CMAKE_SYMLINK_INSTALL=1 -DCMAKE_INSTALL_PREFIX=/root/ros2_ws/src/install/pointcloud_to_laserscan
[3.035s] Invoking command in '/root/ros2_ws/src/build/pointcloud_to_laserscan': CMAKE_PREFIX_PATH=${CMAKE_PREFIX_PATH}:/opt/ros/humble /usr/bin/cmake --build /root/ros2_ws/src/build/pointcloud_to_laserscan -- -j8 -l8
[3.141s] [ 10%] [32mBuilding CXX object CMakeFiles/laserscan_to_pointcloud.dir/src/laserscan_to_pointcloud_node.cpp.o[0m
[3.141s] [ 20%] [32mBuilding CXX object CMakeFiles/laserscan_to_pointcloud_node.dir/rclcpp_components/node_main_laserscan_to_pointcloud_node.cpp.o[0m
[3.147s] [ 30%] [32mBuilding CXX object CMakeFiles/pointcloud_to_laserscan_node.dir/rclcpp_components/node_main_pointcloud_to_laserscan_node.cpp.o[0m
[9.892s] [ 50%] [32m[1mLinking CXX executable pointcloud_to_laserscan_node[0m
[9.893s] [ 50%] [32m[1mLinking CXX executable laserscan_to_pointcloud_node[0m
[10.171s] [ 50%] Built target laserscan_to_pointcloud_node
[10.173s] [ 50%] Built target pointcloud_to_laserscan_node
[26.524s] [ 60%] [32m[1mLinking CXX shared library liblaserscan_to_pointcloud.so[0m
[27.809s] [ 60%] Built target laserscan_to_pointcloud
[27.851s] [ 70%] [32mBuilding CXX object CMakeFiles/pointcloud_to_laserscan.dir/src/pointcloud_to_laserscan_node.cpp.o[0m
[49.619s] [ 80%] [32m[1mLinking CXX shared library libpointcloud_to_laserscan.so[0m
[50.874s] [ 80%] Built target pointcloud_to_laserscan
[50.919s] [ 90%] [32mBuilding CXX object CMakeFiles/dummy_pointcloud_publisher.dir/src/dummy_pointcloud_publisher.cpp.o[0m
[58.826s] [100%] [32m[1mLinking CXX executable dummy_pointcloud_publisher[0m
[59.286s] [100%] Built target dummy_pointcloud_publisher
[59.310s] Invoked command in '/root/ros2_ws/src/build/pointcloud_to_laserscan' returned '0': CMAKE_PREFIX_PATH=${CMAKE_PREFIX_PATH}:/opt/ros/humble /usr/bin/cmake --build /root/ros2_ws/src/build/pointcloud_to_laserscan -- -j8 -l8
[59.331s] Invoking command in '/root/ros2_ws/src/build/pointcloud_to_laserscan': CMAKE_PREFIX_PATH=${CMAKE_PREFIX_PATH}:/opt/ros/humble /usr/bin/cmake --install /root/ros2_ws/src/build/pointcloud_to_laserscan
[59.346s] -- Install configuration: ""
[59.347s] -- Execute custom install script
[59.347s] -- Symlinking: /root/ros2_ws/src/install/pointcloud_to_laserscan/lib/pointcloud_to_laserscan/laserscan_to_pointcloud_node
[59.365s] -- Symlinking: /root/ros2_ws/src/install/pointcloud_to_laserscan/lib/pointcloud_to_laserscan/pointcloud_to_laserscan_node
[59.382s] -- Symlinking: /root/ros2_ws/src/install/pointcloud_to_laserscan/include/pointcloud_to_laserscan/laserscan_to_pointcloud_node.hpp
[59.400s] -- Symlinking: /root/ros2_ws/src/install/pointcloud_to_laserscan/include/pointcloud_to_laserscan/pointcloud_to_laserscan_node.hpp
[59.418s] -- Symlinking: /root/ros2_ws/src/install/pointcloud_to_laserscan/include/pointcloud_to_laserscan/visibility_control.h
[59.438s] -- Symlinking: /root/ros2_ws/src/install/pointcloud_to_laserscan/share/pointcloud_to_laserscan/environment/library_path.sh
[59.455s] -- Symlinking: /root/ros2_ws/src/install/pointcloud_to_laserscan/share/pointcloud_to_laserscan/environment/library_path.dsv
[59.475s] -- Symlinking: /root/ros2_ws/src/install/pointcloud_to_laserscan/lib/liblaserscan_to_pointcloud.so
[59.492s] -- Symlinking: /root/ros2_ws/src/install/pointcloud_to_laserscan/lib/libpointcloud_to_laserscan.so
[59.511s] -- Symlinking: /root/ros2_ws/src/install/pointcloud_to_laserscan/lib/pointcloud_to_laserscan/dummy_pointcloud_publisher
[59.529s] -- Symlinking: /root/ros2_ws/src/install/pointcloud_to_laserscan/share/pointcloud_to_laserscan/launch/sample_laserscan_to_pointcloud_launch.py
[59.546s] -- Symlinking: /root/ros2_ws/src/install/pointcloud_to_laserscan/share/pointcloud_to_laserscan/launch/sample_pointcloud_to_laserscan_launch.py
[59.564s] -- Symlinking: /root/ros2_ws/src/install/pointcloud_to_laserscan/share/ament_index/resource_index/package_run_dependencies/pointcloud_to_laserscan
[59.582s] -- Symlinking: /root/ros2_ws/src/install/pointcloud_to_laserscan/share/ament_index/resource_index/parent_prefix_path/pointcloud_to_laserscan
[59.601s] -- Symlinking: /root/ros2_ws/src/install/pointcloud_to_laserscan/share/pointcloud_to_laserscan/environment/ament_prefix_path.sh
[59.620s] -- Symlinking: /root/ros2_ws/src/install/pointcloud_to_laserscan/share/pointcloud_to_laserscan/environment/ament_prefix_path.dsv
[59.642s] -- Symlinking: /root/ros2_ws/src/install/pointcloud_to_laserscan/share/pointcloud_to_laserscan/environment/path.sh
[59.658s] -- Symlinking: /root/ros2_ws/src/install/pointcloud_to_laserscan/share/pointcloud_to_laserscan/environment/path.dsv
[59.674s] -- Symlinking: /root/ros2_ws/src/install/pointcloud_to_laserscan/share/pointcloud_to_laserscan/local_setup.bash
[59.690s] -- Symlinking: /root/ros2_ws/src/install/pointcloud_to_laserscan/share/pointcloud_to_laserscan/local_setup.sh
[59.707s] -- Symlinking: /root/ros2_ws/src/install/pointcloud_to_laserscan/share/pointcloud_to_laserscan/local_setup.zsh
[59.723s] -- Symlinking: /root/ros2_ws/src/install/pointcloud_to_laserscan/share/pointcloud_to_laserscan/local_setup.dsv
[59.739s] -- Symlinking: /root/ros2_ws/src/install/pointcloud_to_laserscan/share/pointcloud_to_laserscan/package.dsv
[59.758s] -- Symlinking: /root/ros2_ws/src/install/pointcloud_to_laserscan/share/ament_index/resource_index/packages/pointcloud_to_laserscan
[59.775s] -- Symlinking: /root/ros2_ws/src/install/pointcloud_to_laserscan/share/ament_index/resource_index/rclcpp_components/pointcloud_to_laserscan
[59.794s] -- Symlinking: /root/ros2_ws/src/install/pointcloud_to_laserscan/share/pointcloud_to_laserscan/cmake/ament_cmake_export_dependencies-extras.cmake
[59.810s] -- Symlinking: /root/ros2_ws/src/install/pointcloud_to_laserscan/share/pointcloud_to_laserscan/cmake/ament_cmake_export_include_directories-extras.cmake
[59.827s] -- Symlinking: /root/ros2_ws/src/install/pointcloud_to_laserscan/share/pointcloud_to_laserscan/cmake/ament_cmake_export_libraries-extras.cmake
[59.845s] -- Symlinking: /root/ros2_ws/src/install/pointcloud_to_laserscan/share/pointcloud_to_laserscan/cmake/pointcloud_to_laserscanConfig.cmake
[59.861s] -- Symlinking: /root/ros2_ws/src/install/pointcloud_to_laserscan/share/pointcloud_to_laserscan/cmake/pointcloud_to_laserscanConfig-version.cmake
[59.880s] -- Symlinking: /root/ros2_ws/src/install/pointcloud_to_laserscan/share/pointcloud_to_laserscan/package.xml
[59.903s] Invoked command in '/root/ros2_ws/src/build/pointcloud_to_laserscan' returned '0': CMAKE_PREFIX_PATH=${CMAKE_PREFIX_PATH}:/opt/ros/humble /usr/bin/cmake --install /root/ros2_ws/src/build/pointcloud_to_laserscan
