[0.216s] DEBUG:colcon:Command line arguments: ['/usr/bin/colcon', 'build', '--packages-select', 'go2_nav2', '--symlink-install']
[0.216s] DEBUG:colcon:Parsed command line arguments: Namespace(log_base=None, log_level=None, verb_name='build', build_base='build', install_base='install', merge_install=False, symlink_install=True, test_result_base=None, continue_on_error=False, executor='parallel', parallel_workers=8, event_handlers=None, ignore_user_meta=False, metas=['./colcon.meta'], base_paths=['.'], packages_ignore=None, packages_ignore_regex=None, paths=None, packages_up_to=None, packages_up_to_regex=None, packages_above=None, packages_above_and_dependencies=None, packages_above_depth=None, packages_select_by_dep=None, packages_skip_by_dep=None, packages_skip_up_to=None, packages_select_build_failed=False, packages_skip_build_finished=False, packages_select_test_failures=False, packages_skip_test_passed=False, packages_select=['go2_nav2'], packages_skip=None, packages_select_regex=None, packages_skip_regex=None, packages_start=None, packages_end=None, cmake_args=None, cmake_target=None, cmake_target_skip_unavailable=False, cmake_clean_cache=False, cmake_clean_first=False, cmake_force_configure=False, ament_cmake_args=None, catkin_cmake_args=None, catkin_skip_building_tests=False, mixin_files=None, mixin=None, verb_parser=<colcon_mixin.mixin.mixin_argument.MixinArgumentDecorator object at 0xffff96572d70>, verb_extension=<colcon_core.verb.build.BuildVerb object at 0xffff966b4310>, main=<bound method BuildVerb.main of <colcon_core.verb.build.BuildVerb object at 0xffff966b4310>>, mixin_verb=('build',))
[0.522s] Level 1:colcon.colcon_core.package_discovery:discover_packages(colcon_meta) check parameters
[0.523s] INFO:colcon.colcon_metadata.package_discovery.colcon_meta:Using configuration from '/root/.colcon/metadata/default/Gazebo.meta'
[0.524s] INFO:colcon.colcon_metadata.package_discovery.colcon_meta:Using configuration from '/root/.colcon/metadata/default/fastdds.meta'
[0.525s] INFO:colcon.colcon_metadata.package_discovery.colcon_meta:Using configuration from '/root/.colcon/metadata/default/fastrtps.meta'
[0.525s] Level 1:colcon.colcon_core.package_discovery:discover_packages(recursive) check parameters
[0.525s] Level 1:colcon.colcon_core.package_discovery:discover_packages(ignore) check parameters
[0.525s] Level 1:colcon.colcon_core.package_discovery:discover_packages(path) check parameters
[0.526s] Level 1:colcon.colcon_core.package_discovery:discover_packages(colcon_meta) discover
[0.526s] Level 1:colcon.colcon_core.package_discovery:discover_packages(recursive) discover
[0.526s] INFO:colcon.colcon_core.package_discovery:Crawling recursively for packages in '/root/ros2_ws/src'
[0.526s] Level 1:colcon.colcon_core.package_identification:_identify(.) by extensions ['ignore', 'ignore_ament_install']
[0.526s] Level 1:colcon.colcon_core.package_identification:_identify(.) by extension 'ignore'
[0.526s] Level 1:colcon.colcon_core.package_identification:_identify(.) by extension 'ignore_ament_install'
[0.526s] Level 1:colcon.colcon_core.package_identification:_identify(.) by extensions ['colcon_pkg']
[0.527s] Level 1:colcon.colcon_core.package_identification:_identify(.) by extension 'colcon_pkg'
[0.527s] Level 1:colcon.colcon_core.package_identification:_identify(.) by extensions ['colcon_meta']
[0.527s] Level 1:colcon.colcon_core.package_identification:_identify(.) by extension 'colcon_meta'
[0.527s] Level 1:colcon.colcon_core.package_identification:_identify(.) by extensions ['ros']
[0.527s] Level 1:colcon.colcon_core.package_identification:_identify(.) by extension 'ros'
[0.546s] Level 1:colcon.colcon_core.package_identification:_identify(.) by extensions ['cmake', 'python']
[0.546s] Level 1:colcon.colcon_core.package_identification:_identify(.) by extension 'cmake'
[0.546s] Level 1:colcon.colcon_core.package_identification:_identify(.) by extension 'python'
[0.546s] Level 1:colcon.colcon_core.package_identification:_identify(.) by extensions ['python_setup_py']
[0.546s] Level 1:colcon.colcon_core.package_identification:_identify(.) by extension 'python_setup_py'
[0.547s] Level 1:colcon.colcon_core.package_identification:_identify(SuperOdom) by extensions ['ignore', 'ignore_ament_install']
[0.547s] Level 1:colcon.colcon_core.package_identification:_identify(SuperOdom) by extension 'ignore'
[0.547s] Level 1:colcon.colcon_core.package_identification:_identify(SuperOdom) by extension 'ignore_ament_install'
[0.547s] Level 1:colcon.colcon_core.package_identification:_identify(SuperOdom) by extensions ['colcon_pkg']
[0.547s] Level 1:colcon.colcon_core.package_identification:_identify(SuperOdom) by extension 'colcon_pkg'
[0.547s] Level 1:colcon.colcon_core.package_identification:_identify(SuperOdom) by extensions ['colcon_meta']
[0.547s] Level 1:colcon.colcon_core.package_identification:_identify(SuperOdom) by extension 'colcon_meta'
[0.548s] Level 1:colcon.colcon_core.package_identification:_identify(SuperOdom) by extensions ['ros']
[0.548s] Level 1:colcon.colcon_core.package_identification:_identify(SuperOdom) by extension 'ros'
[0.548s] Level 1:colcon.colcon_core.package_identification:_identify(SuperOdom) by extensions ['cmake', 'python']
[0.548s] Level 1:colcon.colcon_core.package_identification:_identify(SuperOdom) by extension 'cmake'
[0.548s] Level 1:colcon.colcon_core.package_identification:_identify(SuperOdom) by extension 'python'
[0.548s] Level 1:colcon.colcon_core.package_identification:_identify(SuperOdom) by extensions ['python_setup_py']
[0.548s] Level 1:colcon.colcon_core.package_identification:_identify(SuperOdom) by extension 'python_setup_py'
[0.548s] Level 1:colcon.colcon_core.package_identification:_identify(SuperOdom/Example_Lidar_Dataset) by extensions ['ignore', 'ignore_ament_install']
[0.549s] Level 1:colcon.colcon_core.package_identification:_identify(SuperOdom/Example_Lidar_Dataset) by extension 'ignore'
[0.549s] Level 1:colcon.colcon_core.package_identification:_identify(SuperOdom/Example_Lidar_Dataset) ignored
[0.549s] Level 1:colcon.colcon_core.package_identification:_identify(SuperOdom/doc) by extensions ['ignore', 'ignore_ament_install']
[0.549s] Level 1:colcon.colcon_core.package_identification:_identify(SuperOdom/doc) by extension 'ignore'
[0.549s] Level 1:colcon.colcon_core.package_identification:_identify(SuperOdom/doc) by extension 'ignore_ament_install'
[0.549s] Level 1:colcon.colcon_core.package_identification:_identify(SuperOdom/doc) by extensions ['colcon_pkg']
[0.549s] Level 1:colcon.colcon_core.package_identification:_identify(SuperOdom/doc) by extension 'colcon_pkg'
[0.549s] Level 1:colcon.colcon_core.package_identification:_identify(SuperOdom/doc) by extensions ['colcon_meta']
[0.550s] Level 1:colcon.colcon_core.package_identification:_identify(SuperOdom/doc) by extension 'colcon_meta'
[0.550s] Level 1:colcon.colcon_core.package_identification:_identify(SuperOdom/doc) by extensions ['ros']
[0.550s] Level 1:colcon.colcon_core.package_identification:_identify(SuperOdom/doc) by extension 'ros'
[0.550s] Level 1:colcon.colcon_core.package_identification:_identify(SuperOdom/doc) by extensions ['cmake', 'python']
[0.550s] Level 1:colcon.colcon_core.package_identification:_identify(SuperOdom/doc) by extension 'cmake'
[0.550s] Level 1:colcon.colcon_core.package_identification:_identify(SuperOdom/doc) by extension 'python'
[0.550s] Level 1:colcon.colcon_core.package_identification:_identify(SuperOdom/doc) by extensions ['python_setup_py']
[0.550s] Level 1:colcon.colcon_core.package_identification:_identify(SuperOdom/doc) by extension 'python_setup_py'
[0.550s] Level 1:colcon.colcon_core.package_identification:_identify(SuperOdom/ros2_humble_docker) by extensions ['ignore', 'ignore_ament_install']
[0.550s] Level 1:colcon.colcon_core.package_identification:_identify(SuperOdom/ros2_humble_docker) by extension 'ignore'
[0.551s] Level 1:colcon.colcon_core.package_identification:_identify(SuperOdom/ros2_humble_docker) by extension 'ignore_ament_install'
[0.551s] Level 1:colcon.colcon_core.package_identification:_identify(SuperOdom/ros2_humble_docker) by extensions ['colcon_pkg']
[0.551s] Level 1:colcon.colcon_core.package_identification:_identify(SuperOdom/ros2_humble_docker) by extension 'colcon_pkg'
[0.551s] Level 1:colcon.colcon_core.package_identification:_identify(SuperOdom/ros2_humble_docker) by extensions ['colcon_meta']
[0.551s] Level 1:colcon.colcon_core.package_identification:_identify(SuperOdom/ros2_humble_docker) by extension 'colcon_meta'
[0.551s] Level 1:colcon.colcon_core.package_identification:_identify(SuperOdom/ros2_humble_docker) by extensions ['ros']
[0.551s] Level 1:colcon.colcon_core.package_identification:_identify(SuperOdom/ros2_humble_docker) by extension 'ros'
[0.551s] Level 1:colcon.colcon_core.package_identification:_identify(SuperOdom/ros2_humble_docker) by extensions ['cmake', 'python']
[0.551s] Level 1:colcon.colcon_core.package_identification:_identify(SuperOdom/ros2_humble_docker) by extension 'cmake'
[0.551s] Level 1:colcon.colcon_core.package_identification:_identify(SuperOdom/ros2_humble_docker) by extension 'python'
[0.551s] Level 1:colcon.colcon_core.package_identification:_identify(SuperOdom/ros2_humble_docker) by extensions ['python_setup_py']
[0.551s] Level 1:colcon.colcon_core.package_identification:_identify(SuperOdom/ros2_humble_docker) by extension 'python_setup_py'
[0.552s] Level 1:colcon.colcon_core.package_identification:_identify(SuperOdom/script) by extensions ['ignore', 'ignore_ament_install']
[0.552s] Level 1:colcon.colcon_core.package_identification:_identify(SuperOdom/script) by extension 'ignore'
[0.552s] Level 1:colcon.colcon_core.package_identification:_identify(SuperOdom/script) by extension 'ignore_ament_install'
[0.552s] Level 1:colcon.colcon_core.package_identification:_identify(SuperOdom/script) by extensions ['colcon_pkg']
[0.552s] Level 1:colcon.colcon_core.package_identification:_identify(SuperOdom/script) by extension 'colcon_pkg'
[0.552s] Level 1:colcon.colcon_core.package_identification:_identify(SuperOdom/script) by extensions ['colcon_meta']
[0.552s] Level 1:colcon.colcon_core.package_identification:_identify(SuperOdom/script) by extension 'colcon_meta'
[0.552s] Level 1:colcon.colcon_core.package_identification:_identify(SuperOdom/script) by extensions ['ros']
[0.552s] Level 1:colcon.colcon_core.package_identification:_identify(SuperOdom/script) by extension 'ros'
[0.552s] Level 1:colcon.colcon_core.package_identification:_identify(SuperOdom/script) by extensions ['cmake', 'python']
[0.552s] Level 1:colcon.colcon_core.package_identification:_identify(SuperOdom/script) by extension 'cmake'
[0.552s] Level 1:colcon.colcon_core.package_identification:_identify(SuperOdom/script) by extension 'python'
[0.552s] Level 1:colcon.colcon_core.package_identification:_identify(SuperOdom/script) by extensions ['python_setup_py']
[0.553s] Level 1:colcon.colcon_core.package_identification:_identify(SuperOdom/script) by extension 'python_setup_py'
[0.553s] Level 1:colcon.colcon_core.package_identification:_identify(SuperOdom/script/visualizers) by extensions ['ignore', 'ignore_ament_install']
[0.553s] Level 1:colcon.colcon_core.package_identification:_identify(SuperOdom/script/visualizers) by extension 'ignore'
[0.553s] Level 1:colcon.colcon_core.package_identification:_identify(SuperOdom/script/visualizers) by extension 'ignore_ament_install'
[0.553s] Level 1:colcon.colcon_core.package_identification:_identify(SuperOdom/script/visualizers) by extensions ['colcon_pkg']
[0.553s] Level 1:colcon.colcon_core.package_identification:_identify(SuperOdom/script/visualizers) by extension 'colcon_pkg'
[0.553s] Level 1:colcon.colcon_core.package_identification:_identify(SuperOdom/script/visualizers) by extensions ['colcon_meta']
[0.553s] Level 1:colcon.colcon_core.package_identification:_identify(SuperOdom/script/visualizers) by extension 'colcon_meta'
[0.553s] Level 1:colcon.colcon_core.package_identification:_identify(SuperOdom/script/visualizers) by extensions ['ros']
[0.553s] Level 1:colcon.colcon_core.package_identification:_identify(SuperOdom/script/visualizers) by extension 'ros'
[0.553s] Level 1:colcon.colcon_core.package_identification:_identify(SuperOdom/script/visualizers) by extensions ['cmake', 'python']
[0.554s] Level 1:colcon.colcon_core.package_identification:_identify(SuperOdom/script/visualizers) by extension 'cmake'
[0.554s] Level 1:colcon.colcon_core.package_identification:_identify(SuperOdom/script/visualizers) by extension 'python'
[0.554s] Level 1:colcon.colcon_core.package_identification:_identify(SuperOdom/script/visualizers) by extensions ['python_setup_py']
[0.554s] Level 1:colcon.colcon_core.package_identification:_identify(SuperOdom/script/visualizers) by extension 'python_setup_py'
[0.554s] Level 1:colcon.colcon_core.package_identification:_identify(SuperOdom/super_odometry) by extensions ['ignore', 'ignore_ament_install']
[0.554s] Level 1:colcon.colcon_core.package_identification:_identify(SuperOdom/super_odometry) by extension 'ignore'
[0.554s] Level 1:colcon.colcon_core.package_identification:_identify(SuperOdom/super_odometry) by extension 'ignore_ament_install'
[0.554s] Level 1:colcon.colcon_core.package_identification:_identify(SuperOdom/super_odometry) by extensions ['colcon_pkg']
[0.554s] Level 1:colcon.colcon_core.package_identification:_identify(SuperOdom/super_odometry) by extension 'colcon_pkg'
[0.554s] Level 1:colcon.colcon_core.package_identification:_identify(SuperOdom/super_odometry) by extensions ['colcon_meta']
[0.554s] Level 1:colcon.colcon_core.package_identification:_identify(SuperOdom/super_odometry) by extension 'colcon_meta'
[0.555s] Level 1:colcon.colcon_core.package_identification:_identify(SuperOdom/super_odometry) by extensions ['ros']
[0.555s] Level 1:colcon.colcon_core.package_identification:_identify(SuperOdom/super_odometry) by extension 'ros'
[0.560s] DEBUG:colcon.colcon_core.package_identification:Package 'SuperOdom/super_odometry' with type 'ros.ament_cmake' and name 'super_odometry'
[0.561s] Level 1:colcon.colcon_core.package_identification:_identify(SuperOdom/super_odometry_msgs) by extensions ['ignore', 'ignore_ament_install']
[0.561s] Level 1:colcon.colcon_core.package_identification:_identify(SuperOdom/super_odometry_msgs) by extension 'ignore'
[0.561s] Level 1:colcon.colcon_core.package_identification:_identify(SuperOdom/super_odometry_msgs) by extension 'ignore_ament_install'
[0.561s] Level 1:colcon.colcon_core.package_identification:_identify(SuperOdom/super_odometry_msgs) by extensions ['colcon_pkg']
[0.561s] Level 1:colcon.colcon_core.package_identification:_identify(SuperOdom/super_odometry_msgs) by extension 'colcon_pkg'
[0.561s] Level 1:colcon.colcon_core.package_identification:_identify(SuperOdom/super_odometry_msgs) by extensions ['colcon_meta']
[0.561s] Level 1:colcon.colcon_core.package_identification:_identify(SuperOdom/super_odometry_msgs) by extension 'colcon_meta'
[0.561s] Level 1:colcon.colcon_core.package_identification:_identify(SuperOdom/super_odometry_msgs) by extensions ['ros']
[0.561s] Level 1:colcon.colcon_core.package_identification:_identify(SuperOdom/super_odometry_msgs) by extension 'ros'
[0.566s] DEBUG:colcon.colcon_core.package_identification:Package 'SuperOdom/super_odometry_msgs' with type 'ros.ament_cmake' and name 'super_odometry_msgs'
[0.567s] Level 1:colcon.colcon_core.package_identification:_identify(build) by extensions ['ignore', 'ignore_ament_install']
[0.567s] Level 1:colcon.colcon_core.package_identification:_identify(build) by extension 'ignore'
[0.567s] Level 1:colcon.colcon_core.package_identification:_identify(build) ignored
[0.567s] Level 1:colcon.colcon_core.package_identification:_identify(ego-planner-swarm) by extensions ['ignore', 'ignore_ament_install']
[0.567s] Level 1:colcon.colcon_core.package_identification:_identify(ego-planner-swarm) by extension 'ignore'
[0.567s] Level 1:colcon.colcon_core.package_identification:_identify(ego-planner-swarm) by extension 'ignore_ament_install'
[0.567s] Level 1:colcon.colcon_core.package_identification:_identify(ego-planner-swarm) by extensions ['colcon_pkg']
[0.567s] Level 1:colcon.colcon_core.package_identification:_identify(ego-planner-swarm) by extension 'colcon_pkg'
[0.568s] Level 1:colcon.colcon_core.package_identification:_identify(ego-planner-swarm) by extensions ['colcon_meta']
[0.568s] Level 1:colcon.colcon_core.package_identification:_identify(ego-planner-swarm) by extension 'colcon_meta'
[0.568s] Level 1:colcon.colcon_core.package_identification:_identify(ego-planner-swarm) by extensions ['ros']
[0.568s] Level 1:colcon.colcon_core.package_identification:_identify(ego-planner-swarm) by extension 'ros'
[0.568s] Level 1:colcon.colcon_core.package_identification:_identify(ego-planner-swarm) by extensions ['cmake', 'python']
[0.568s] Level 1:colcon.colcon_core.package_identification:_identify(ego-planner-swarm) by extension 'cmake'
[0.568s] Level 1:colcon.colcon_core.package_identification:_identify(ego-planner-swarm) by extension 'python'
[0.568s] Level 1:colcon.colcon_core.package_identification:_identify(ego-planner-swarm) by extensions ['python_setup_py']
[0.568s] Level 1:colcon.colcon_core.package_identification:_identify(ego-planner-swarm) by extension 'python_setup_py'
[0.568s] Level 1:colcon.colcon_core.package_identification:_identify(ego-planner-swarm/src) by extensions ['ignore', 'ignore_ament_install']
[0.569s] Level 1:colcon.colcon_core.package_identification:_identify(ego-planner-swarm/src) by extension 'ignore'
[0.569s] Level 1:colcon.colcon_core.package_identification:_identify(ego-planner-swarm/src) by extension 'ignore_ament_install'
[0.569s] Level 1:colcon.colcon_core.package_identification:_identify(ego-planner-swarm/src) by extensions ['colcon_pkg']
[0.569s] Level 1:colcon.colcon_core.package_identification:_identify(ego-planner-swarm/src) by extension 'colcon_pkg'
[0.569s] Level 1:colcon.colcon_core.package_identification:_identify(ego-planner-swarm/src) by extensions ['colcon_meta']
[0.569s] Level 1:colcon.colcon_core.package_identification:_identify(ego-planner-swarm/src) by extension 'colcon_meta'
[0.569s] Level 1:colcon.colcon_core.package_identification:_identify(ego-planner-swarm/src) by extensions ['ros']
[0.569s] Level 1:colcon.colcon_core.package_identification:_identify(ego-planner-swarm/src) by extension 'ros'
[0.569s] Level 1:colcon.colcon_core.package_identification:_identify(ego-planner-swarm/src) by extensions ['cmake', 'python']
[0.569s] Level 1:colcon.colcon_core.package_identification:_identify(ego-planner-swarm/src) by extension 'cmake'
[0.569s] Level 1:colcon.colcon_core.package_identification:_identify(ego-planner-swarm/src) by extension 'python'
[0.569s] Level 1:colcon.colcon_core.package_identification:_identify(ego-planner-swarm/src) by extensions ['python_setup_py']
[0.569s] Level 1:colcon.colcon_core.package_identification:_identify(ego-planner-swarm/src) by extension 'python_setup_py'
[0.570s] Level 1:colcon.colcon_core.package_identification:_identify(ego-planner-swarm/src/planner) by extensions ['ignore', 'ignore_ament_install']
[0.570s] Level 1:colcon.colcon_core.package_identification:_identify(ego-planner-swarm/src/planner) by extension 'ignore'
[0.570s] Level 1:colcon.colcon_core.package_identification:_identify(ego-planner-swarm/src/planner) by extension 'ignore_ament_install'
[0.570s] Level 1:colcon.colcon_core.package_identification:_identify(ego-planner-swarm/src/planner) by extensions ['colcon_pkg']
[0.570s] Level 1:colcon.colcon_core.package_identification:_identify(ego-planner-swarm/src/planner) by extension 'colcon_pkg'
[0.570s] Level 1:colcon.colcon_core.package_identification:_identify(ego-planner-swarm/src/planner) by extensions ['colcon_meta']
[0.570s] Level 1:colcon.colcon_core.package_identification:_identify(ego-planner-swarm/src/planner) by extension 'colcon_meta'
[0.570s] Level 1:colcon.colcon_core.package_identification:_identify(ego-planner-swarm/src/planner) by extensions ['ros']
[0.570s] Level 1:colcon.colcon_core.package_identification:_identify(ego-planner-swarm/src/planner) by extension 'ros'
[0.570s] Level 1:colcon.colcon_core.package_identification:_identify(ego-planner-swarm/src/planner) by extensions ['cmake', 'python']
[0.570s] Level 1:colcon.colcon_core.package_identification:_identify(ego-planner-swarm/src/planner) by extension 'cmake'
[0.571s] Level 1:colcon.colcon_core.package_identification:_identify(ego-planner-swarm/src/planner) by extension 'python'
[0.571s] Level 1:colcon.colcon_core.package_identification:_identify(ego-planner-swarm/src/planner) by extensions ['python_setup_py']
[0.571s] Level 1:colcon.colcon_core.package_identification:_identify(ego-planner-swarm/src/planner) by extension 'python_setup_py'
[0.571s] Level 1:colcon.colcon_core.package_identification:_identify(ego-planner-swarm/src/planner/bspline_opt) by extensions ['ignore', 'ignore_ament_install']
[0.571s] Level 1:colcon.colcon_core.package_identification:_identify(ego-planner-swarm/src/planner/bspline_opt) by extension 'ignore'
[0.571s] Level 1:colcon.colcon_core.package_identification:_identify(ego-planner-swarm/src/planner/bspline_opt) by extension 'ignore_ament_install'
[0.571s] Level 1:colcon.colcon_core.package_identification:_identify(ego-planner-swarm/src/planner/bspline_opt) by extensions ['colcon_pkg']
[0.571s] Level 1:colcon.colcon_core.package_identification:_identify(ego-planner-swarm/src/planner/bspline_opt) by extension 'colcon_pkg'
[0.571s] Level 1:colcon.colcon_core.package_identification:_identify(ego-planner-swarm/src/planner/bspline_opt) by extensions ['colcon_meta']
[0.571s] Level 1:colcon.colcon_core.package_identification:_identify(ego-planner-swarm/src/planner/bspline_opt) by extension 'colcon_meta'
[0.571s] Level 1:colcon.colcon_core.package_identification:_identify(ego-planner-swarm/src/planner/bspline_opt) by extensions ['ros']
[0.572s] Level 1:colcon.colcon_core.package_identification:_identify(ego-planner-swarm/src/planner/bspline_opt) by extension 'ros'
[0.574s] DEBUG:colcon.colcon_core.package_identification:Package 'ego-planner-swarm/src/planner/bspline_opt' with type 'ros.ament_cmake' and name 'bspline_opt'
[0.574s] Level 1:colcon.colcon_core.package_identification:_identify(ego-planner-swarm/src/planner/drone_detect) by extensions ['ignore', 'ignore_ament_install']
[0.574s] Level 1:colcon.colcon_core.package_identification:_identify(ego-planner-swarm/src/planner/drone_detect) by extension 'ignore'
[0.574s] Level 1:colcon.colcon_core.package_identification:_identify(ego-planner-swarm/src/planner/drone_detect) by extension 'ignore_ament_install'
[0.574s] Level 1:colcon.colcon_core.package_identification:_identify(ego-planner-swarm/src/planner/drone_detect) by extensions ['colcon_pkg']
[0.574s] Level 1:colcon.colcon_core.package_identification:_identify(ego-planner-swarm/src/planner/drone_detect) by extension 'colcon_pkg'
[0.575s] Level 1:colcon.colcon_core.package_identification:_identify(ego-planner-swarm/src/planner/drone_detect) by extensions ['colcon_meta']
[0.575s] Level 1:colcon.colcon_core.package_identification:_identify(ego-planner-swarm/src/planner/drone_detect) by extension 'colcon_meta'
[0.575s] Level 1:colcon.colcon_core.package_identification:_identify(ego-planner-swarm/src/planner/drone_detect) by extensions ['ros']
[0.575s] Level 1:colcon.colcon_core.package_identification:_identify(ego-planner-swarm/src/planner/drone_detect) by extension 'ros'
[0.577s] DEBUG:colcon.colcon_core.package_identification:Package 'ego-planner-swarm/src/planner/drone_detect' with type 'ros.ament_cmake' and name 'drone_detect'
[0.577s] Level 1:colcon.colcon_core.package_identification:_identify(ego-planner-swarm/src/planner/path_searching) by extensions ['ignore', 'ignore_ament_install']
[0.577s] Level 1:colcon.colcon_core.package_identification:_identify(ego-planner-swarm/src/planner/path_searching) by extension 'ignore'
[0.577s] Level 1:colcon.colcon_core.package_identification:_identify(ego-planner-swarm/src/planner/path_searching) by extension 'ignore_ament_install'
[0.577s] Level 1:colcon.colcon_core.package_identification:_identify(ego-planner-swarm/src/planner/path_searching) by extensions ['colcon_pkg']
[0.578s] Level 1:colcon.colcon_core.package_identification:_identify(ego-planner-swarm/src/planner/path_searching) by extension 'colcon_pkg'
[0.578s] Level 1:colcon.colcon_core.package_identification:_identify(ego-planner-swarm/src/planner/path_searching) by extensions ['colcon_meta']
[0.578s] Level 1:colcon.colcon_core.package_identification:_identify(ego-planner-swarm/src/planner/path_searching) by extension 'colcon_meta'
[0.578s] Level 1:colcon.colcon_core.package_identification:_identify(ego-planner-swarm/src/planner/path_searching) by extensions ['ros']
[0.578s] Level 1:colcon.colcon_core.package_identification:_identify(ego-planner-swarm/src/planner/path_searching) by extension 'ros'
[0.580s] DEBUG:colcon.colcon_core.package_identification:Package 'ego-planner-swarm/src/planner/path_searching' with type 'ros.ament_cmake' and name 'path_searching'
[0.580s] Level 1:colcon.colcon_core.package_identification:_identify(ego-planner-swarm/src/planner/plan_env) by extensions ['ignore', 'ignore_ament_install']
[0.580s] Level 1:colcon.colcon_core.package_identification:_identify(ego-planner-swarm/src/planner/plan_env) by extension 'ignore'
[0.580s] Level 1:colcon.colcon_core.package_identification:_identify(ego-planner-swarm/src/planner/plan_env) by extension 'ignore_ament_install'
[0.581s] Level 1:colcon.colcon_core.package_identification:_identify(ego-planner-swarm/src/planner/plan_env) by extensions ['colcon_pkg']
[0.581s] Level 1:colcon.colcon_core.package_identification:_identify(ego-planner-swarm/src/planner/plan_env) by extension 'colcon_pkg'
[0.581s] Level 1:colcon.colcon_core.package_identification:_identify(ego-planner-swarm/src/planner/plan_env) by extensions ['colcon_meta']
[0.581s] Level 1:colcon.colcon_core.package_identification:_identify(ego-planner-swarm/src/planner/plan_env) by extension 'colcon_meta'
[0.581s] Level 1:colcon.colcon_core.package_identification:_identify(ego-planner-swarm/src/planner/plan_env) by extensions ['ros']
[0.581s] Level 1:colcon.colcon_core.package_identification:_identify(ego-planner-swarm/src/planner/plan_env) by extension 'ros'
[0.613s] DEBUG:colcon.colcon_core.package_identification:Package 'ego-planner-swarm/src/planner/plan_env' with type 'ros.ament_cmake' and name 'plan_env'
[0.614s] Level 1:colcon.colcon_core.package_identification:_identify(ego-planner-swarm/src/planner/plan_manage) by extensions ['ignore', 'ignore_ament_install']
[0.614s] Level 1:colcon.colcon_core.package_identification:_identify(ego-planner-swarm/src/planner/plan_manage) by extension 'ignore'
[0.614s] Level 1:colcon.colcon_core.package_identification:_identify(ego-planner-swarm/src/planner/plan_manage) by extension 'ignore_ament_install'
[0.614s] Level 1:colcon.colcon_core.package_identification:_identify(ego-planner-swarm/src/planner/plan_manage) by extensions ['colcon_pkg']
[0.614s] Level 1:colcon.colcon_core.package_identification:_identify(ego-planner-swarm/src/planner/plan_manage) by extension 'colcon_pkg'
[0.614s] Level 1:colcon.colcon_core.package_identification:_identify(ego-planner-swarm/src/planner/plan_manage) by extensions ['colcon_meta']
[0.615s] Level 1:colcon.colcon_core.package_identification:_identify(ego-planner-swarm/src/planner/plan_manage) by extension 'colcon_meta'
[0.615s] Level 1:colcon.colcon_core.package_identification:_identify(ego-planner-swarm/src/planner/plan_manage) by extensions ['ros']
[0.615s] Level 1:colcon.colcon_core.package_identification:_identify(ego-planner-swarm/src/planner/plan_manage) by extension 'ros'
[0.617s] DEBUG:colcon.colcon_core.package_identification:Package 'ego-planner-swarm/src/planner/plan_manage' with type 'ros.ament_cmake' and name 'ego_planner'
[0.617s] Level 1:colcon.colcon_core.package_identification:_identify(ego-planner-swarm/src/planner/rosmsg_tcp_bridge) by extensions ['ignore', 'ignore_ament_install']
[0.617s] Level 1:colcon.colcon_core.package_identification:_identify(ego-planner-swarm/src/planner/rosmsg_tcp_bridge) by extension 'ignore'
[0.618s] Level 1:colcon.colcon_core.package_identification:_identify(ego-planner-swarm/src/planner/rosmsg_tcp_bridge) by extension 'ignore_ament_install'
[0.618s] Level 1:colcon.colcon_core.package_identification:_identify(ego-planner-swarm/src/planner/rosmsg_tcp_bridge) by extensions ['colcon_pkg']
[0.618s] Level 1:colcon.colcon_core.package_identification:_identify(ego-planner-swarm/src/planner/rosmsg_tcp_bridge) by extension 'colcon_pkg'
[0.618s] Level 1:colcon.colcon_core.package_identification:_identify(ego-planner-swarm/src/planner/rosmsg_tcp_bridge) by extensions ['colcon_meta']
[0.618s] Level 1:colcon.colcon_core.package_identification:_identify(ego-planner-swarm/src/planner/rosmsg_tcp_bridge) by extension 'colcon_meta'
[0.618s] Level 1:colcon.colcon_core.package_identification:_identify(ego-planner-swarm/src/planner/rosmsg_tcp_bridge) by extensions ['ros']
[0.618s] Level 1:colcon.colcon_core.package_identification:_identify(ego-planner-swarm/src/planner/rosmsg_tcp_bridge) by extension 'ros'
[0.619s] DEBUG:colcon.colcon_core.package_identification:Package 'ego-planner-swarm/src/planner/rosmsg_tcp_bridge' with type 'ros.ament_cmake' and name 'rosmsg_tcp_bridge'
[0.620s] Level 1:colcon.colcon_core.package_identification:_identify(ego-planner-swarm/src/planner/traj_utils) by extensions ['ignore', 'ignore_ament_install']
[0.620s] Level 1:colcon.colcon_core.package_identification:_identify(ego-planner-swarm/src/planner/traj_utils) by extension 'ignore'
[0.620s] Level 1:colcon.colcon_core.package_identification:_identify(ego-planner-swarm/src/planner/traj_utils) by extension 'ignore_ament_install'
[0.620s] Level 1:colcon.colcon_core.package_identification:_identify(ego-planner-swarm/src/planner/traj_utils) by extensions ['colcon_pkg']
[0.620s] Level 1:colcon.colcon_core.package_identification:_identify(ego-planner-swarm/src/planner/traj_utils) by extension 'colcon_pkg'
[0.620s] Level 1:colcon.colcon_core.package_identification:_identify(ego-planner-swarm/src/planner/traj_utils) by extensions ['colcon_meta']
[0.620s] Level 1:colcon.colcon_core.package_identification:_identify(ego-planner-swarm/src/planner/traj_utils) by extension 'colcon_meta'
[0.620s] Level 1:colcon.colcon_core.package_identification:_identify(ego-planner-swarm/src/planner/traj_utils) by extensions ['ros']
[0.620s] Level 1:colcon.colcon_core.package_identification:_identify(ego-planner-swarm/src/planner/traj_utils) by extension 'ros'
[0.622s] DEBUG:colcon.colcon_core.package_identification:Package 'ego-planner-swarm/src/planner/traj_utils' with type 'ros.ament_cmake' and name 'traj_utils'
[0.622s] Level 1:colcon.colcon_core.package_identification:_identify(ego-planner-swarm/src/uav_simulator) by extensions ['ignore', 'ignore_ament_install']
[0.623s] Level 1:colcon.colcon_core.package_identification:_identify(ego-planner-swarm/src/uav_simulator) by extension 'ignore'
[0.623s] Level 1:colcon.colcon_core.package_identification:_identify(ego-planner-swarm/src/uav_simulator) by extension 'ignore_ament_install'
[0.623s] Level 1:colcon.colcon_core.package_identification:_identify(ego-planner-swarm/src/uav_simulator) by extensions ['colcon_pkg']
[0.623s] Level 1:colcon.colcon_core.package_identification:_identify(ego-planner-swarm/src/uav_simulator) by extension 'colcon_pkg'
[0.623s] Level 1:colcon.colcon_core.package_identification:_identify(ego-planner-swarm/src/uav_simulator) by extensions ['colcon_meta']
[0.623s] Level 1:colcon.colcon_core.package_identification:_identify(ego-planner-swarm/src/uav_simulator) by extension 'colcon_meta'
[0.623s] Level 1:colcon.colcon_core.package_identification:_identify(ego-planner-swarm/src/uav_simulator) by extensions ['ros']
[0.623s] Level 1:colcon.colcon_core.package_identification:_identify(ego-planner-swarm/src/uav_simulator) by extension 'ros'
[0.623s] Level 1:colcon.colcon_core.package_identification:_identify(ego-planner-swarm/src/uav_simulator) by extensions ['cmake', 'python']
[0.623s] Level 1:colcon.colcon_core.package_identification:_identify(ego-planner-swarm/src/uav_simulator) by extension 'cmake'
[0.623s] Level 1:colcon.colcon_core.package_identification:_identify(ego-planner-swarm/src/uav_simulator) by extension 'python'
[0.623s] Level 1:colcon.colcon_core.package_identification:_identify(ego-planner-swarm/src/uav_simulator) by extensions ['python_setup_py']
[0.624s] Level 1:colcon.colcon_core.package_identification:_identify(ego-planner-swarm/src/uav_simulator) by extension 'python_setup_py'
[0.624s] Level 1:colcon.colcon_core.package_identification:_identify(ego-planner-swarm/src/uav_simulator/Utils) by extensions ['ignore', 'ignore_ament_install']
[0.624s] Level 1:colcon.colcon_core.package_identification:_identify(ego-planner-swarm/src/uav_simulator/Utils) by extension 'ignore'
[0.624s] Level 1:colcon.colcon_core.package_identification:_identify(ego-planner-swarm/src/uav_simulator/Utils) by extension 'ignore_ament_install'
[0.624s] Level 1:colcon.colcon_core.package_identification:_identify(ego-planner-swarm/src/uav_simulator/Utils) by extensions ['colcon_pkg']
[0.624s] Level 1:colcon.colcon_core.package_identification:_identify(ego-planner-swarm/src/uav_simulator/Utils) by extension 'colcon_pkg'
[0.624s] Level 1:colcon.colcon_core.package_identification:_identify(ego-planner-swarm/src/uav_simulator/Utils) by extensions ['colcon_meta']
[0.624s] Level 1:colcon.colcon_core.package_identification:_identify(ego-planner-swarm/src/uav_simulator/Utils) by extension 'colcon_meta'
[0.624s] Level 1:colcon.colcon_core.package_identification:_identify(ego-planner-swarm/src/uav_simulator/Utils) by extensions ['ros']
[0.624s] Level 1:colcon.colcon_core.package_identification:_identify(ego-planner-swarm/src/uav_simulator/Utils) by extension 'ros'
[0.625s] Level 1:colcon.colcon_core.package_identification:_identify(ego-planner-swarm/src/uav_simulator/Utils) by extensions ['cmake', 'python']
[0.625s] Level 1:colcon.colcon_core.package_identification:_identify(ego-planner-swarm/src/uav_simulator/Utils) by extension 'cmake'
[0.625s] Level 1:colcon.colcon_core.package_identification:_identify(ego-planner-swarm/src/uav_simulator/Utils) by extension 'python'
[0.625s] Level 1:colcon.colcon_core.package_identification:_identify(ego-planner-swarm/src/uav_simulator/Utils) by extensions ['python_setup_py']
[0.625s] Level 1:colcon.colcon_core.package_identification:_identify(ego-planner-swarm/src/uav_simulator/Utils) by extension 'python_setup_py'
[0.625s] Level 1:colcon.colcon_core.package_identification:_identify(ego-planner-swarm/src/uav_simulator/Utils/cmake_utils) by extensions ['ignore', 'ignore_ament_install']
[0.625s] Level 1:colcon.colcon_core.package_identification:_identify(ego-planner-swarm/src/uav_simulator/Utils/cmake_utils) by extension 'ignore'
[0.625s] Level 1:colcon.colcon_core.package_identification:_identify(ego-planner-swarm/src/uav_simulator/Utils/cmake_utils) by extension 'ignore_ament_install'
[0.625s] Level 1:colcon.colcon_core.package_identification:_identify(ego-planner-swarm/src/uav_simulator/Utils/cmake_utils) by extensions ['colcon_pkg']
[0.625s] Level 1:colcon.colcon_core.package_identification:_identify(ego-planner-swarm/src/uav_simulator/Utils/cmake_utils) by extension 'colcon_pkg'
[0.625s] Level 1:colcon.colcon_core.package_identification:_identify(ego-planner-swarm/src/uav_simulator/Utils/cmake_utils) by extensions ['colcon_meta']
[0.626s] Level 1:colcon.colcon_core.package_identification:_identify(ego-planner-swarm/src/uav_simulator/Utils/cmake_utils) by extension 'colcon_meta'
[0.626s] Level 1:colcon.colcon_core.package_identification:_identify(ego-planner-swarm/src/uav_simulator/Utils/cmake_utils) by extensions ['ros']
[0.626s] Level 1:colcon.colcon_core.package_identification:_identify(ego-planner-swarm/src/uav_simulator/Utils/cmake_utils) by extension 'ros'
[0.627s] DEBUG:colcon.colcon_core.package_identification:Package 'ego-planner-swarm/src/uav_simulator/Utils/cmake_utils' with type 'ros.ament_cmake' and name 'cmake_utils'
[0.627s] Level 1:colcon.colcon_core.package_identification:_identify(ego-planner-swarm/src/uav_simulator/Utils/multi_map_server) by extensions ['ignore', 'ignore_ament_install']
[0.627s] Level 1:colcon.colcon_core.package_identification:_identify(ego-planner-swarm/src/uav_simulator/Utils/multi_map_server) by extension 'ignore'
[0.627s] Level 1:colcon.colcon_core.package_identification:_identify(ego-planner-swarm/src/uav_simulator/Utils/multi_map_server) by extension 'ignore_ament_install'
[0.627s] Level 1:colcon.colcon_core.package_identification:_identify(ego-planner-swarm/src/uav_simulator/Utils/multi_map_server) by extensions ['colcon_pkg']
[0.627s] Level 1:colcon.colcon_core.package_identification:_identify(ego-planner-swarm/src/uav_simulator/Utils/multi_map_server) by extension 'colcon_pkg'
[0.628s] Level 1:colcon.colcon_core.package_identification:_identify(ego-planner-swarm/src/uav_simulator/Utils/multi_map_server) by extensions ['colcon_meta']
[0.628s] Level 1:colcon.colcon_core.package_identification:_identify(ego-planner-swarm/src/uav_simulator/Utils/multi_map_server) by extension 'colcon_meta'
[0.628s] Level 1:colcon.colcon_core.package_identification:_identify(ego-planner-swarm/src/uav_simulator/Utils/multi_map_server) by extensions ['ros']
[0.628s] Level 1:colcon.colcon_core.package_identification:_identify(ego-planner-swarm/src/uav_simulator/Utils/multi_map_server) by extension 'ros'
[0.630s] DEBUG:colcon.colcon_core.package_identification:Package 'ego-planner-swarm/src/uav_simulator/Utils/multi_map_server' with type 'ros.ament_cmake' and name 'multi_map_server'
[0.630s] Level 1:colcon.colcon_core.package_identification:_identify(ego-planner-swarm/src/uav_simulator/Utils/odom_visualization) by extensions ['ignore', 'ignore_ament_install']
[0.630s] Level 1:colcon.colcon_core.package_identification:_identify(ego-planner-swarm/src/uav_simulator/Utils/odom_visualization) by extension 'ignore'
[0.630s] Level 1:colcon.colcon_core.package_identification:_identify(ego-planner-swarm/src/uav_simulator/Utils/odom_visualization) by extension 'ignore_ament_install'
[0.631s] Level 1:colcon.colcon_core.package_identification:_identify(ego-planner-swarm/src/uav_simulator/Utils/odom_visualization) by extensions ['colcon_pkg']
[0.631s] Level 1:colcon.colcon_core.package_identification:_identify(ego-planner-swarm/src/uav_simulator/Utils/odom_visualization) by extension 'colcon_pkg'
[0.631s] Level 1:colcon.colcon_core.package_identification:_identify(ego-planner-swarm/src/uav_simulator/Utils/odom_visualization) by extensions ['colcon_meta']
[0.631s] Level 1:colcon.colcon_core.package_identification:_identify(ego-planner-swarm/src/uav_simulator/Utils/odom_visualization) by extension 'colcon_meta'
[0.631s] Level 1:colcon.colcon_core.package_identification:_identify(ego-planner-swarm/src/uav_simulator/Utils/odom_visualization) by extensions ['ros']
[0.631s] Level 1:colcon.colcon_core.package_identification:_identify(ego-planner-swarm/src/uav_simulator/Utils/odom_visualization) by extension 'ros'
[0.633s] DEBUG:colcon.colcon_core.package_identification:Package 'ego-planner-swarm/src/uav_simulator/Utils/odom_visualization' with type 'ros.ament_cmake' and name 'odom_visualization'
[0.633s] Level 1:colcon.colcon_core.package_identification:_identify(ego-planner-swarm/src/uav_simulator/Utils/pose_utils) by extensions ['ignore', 'ignore_ament_install']
[0.633s] Level 1:colcon.colcon_core.package_identification:_identify(ego-planner-swarm/src/uav_simulator/Utils/pose_utils) by extension 'ignore'
[0.633s] Level 1:colcon.colcon_core.package_identification:_identify(ego-planner-swarm/src/uav_simulator/Utils/pose_utils) by extension 'ignore_ament_install'
[0.633s] Level 1:colcon.colcon_core.package_identification:_identify(ego-planner-swarm/src/uav_simulator/Utils/pose_utils) by extensions ['colcon_pkg']
[0.633s] Level 1:colcon.colcon_core.package_identification:_identify(ego-planner-swarm/src/uav_simulator/Utils/pose_utils) by extension 'colcon_pkg'
[0.633s] Level 1:colcon.colcon_core.package_identification:_identify(ego-planner-swarm/src/uav_simulator/Utils/pose_utils) by extensions ['colcon_meta']
[0.633s] Level 1:colcon.colcon_core.package_identification:_identify(ego-planner-swarm/src/uav_simulator/Utils/pose_utils) by extension 'colcon_meta'
[0.633s] Level 1:colcon.colcon_core.package_identification:_identify(ego-planner-swarm/src/uav_simulator/Utils/pose_utils) by extensions ['ros']
[0.633s] Level 1:colcon.colcon_core.package_identification:_identify(ego-planner-swarm/src/uav_simulator/Utils/pose_utils) by extension 'ros'
[0.634s] DEBUG:colcon.colcon_core.package_identification:Package 'ego-planner-swarm/src/uav_simulator/Utils/pose_utils' with type 'ros.ament_cmake' and name 'pose_utils'
[0.635s] Level 1:colcon.colcon_core.package_identification:_identify(ego-planner-swarm/src/uav_simulator/Utils/quadrotor_msgs) by extensions ['ignore', 'ignore_ament_install']
[0.635s] Level 1:colcon.colcon_core.package_identification:_identify(ego-planner-swarm/src/uav_simulator/Utils/quadrotor_msgs) by extension 'ignore'
[0.635s] Level 1:colcon.colcon_core.package_identification:_identify(ego-planner-swarm/src/uav_simulator/Utils/quadrotor_msgs) by extension 'ignore_ament_install'
[0.635s] Level 1:colcon.colcon_core.package_identification:_identify(ego-planner-swarm/src/uav_simulator/Utils/quadrotor_msgs) by extensions ['colcon_pkg']
[0.635s] Level 1:colcon.colcon_core.package_identification:_identify(ego-planner-swarm/src/uav_simulator/Utils/quadrotor_msgs) by extension 'colcon_pkg'
[0.635s] Level 1:colcon.colcon_core.package_identification:_identify(ego-planner-swarm/src/uav_simulator/Utils/quadrotor_msgs) by extensions ['colcon_meta']
[0.635s] Level 1:colcon.colcon_core.package_identification:_identify(ego-planner-swarm/src/uav_simulator/Utils/quadrotor_msgs) by extension 'colcon_meta'
[0.635s] Level 1:colcon.colcon_core.package_identification:_identify(ego-planner-swarm/src/uav_simulator/Utils/quadrotor_msgs) by extensions ['ros']
[0.635s] Level 1:colcon.colcon_core.package_identification:_identify(ego-planner-swarm/src/uav_simulator/Utils/quadrotor_msgs) by extension 'ros'
[0.637s] DEBUG:colcon.colcon_core.package_identification:Package 'ego-planner-swarm/src/uav_simulator/Utils/quadrotor_msgs' with type 'ros.ament_cmake' and name 'quadrotor_msgs'
[0.637s] Level 1:colcon.colcon_core.package_identification:_identify(ego-planner-swarm/src/uav_simulator/Utils/uav_utils) by extensions ['ignore', 'ignore_ament_install']
[0.637s] Level 1:colcon.colcon_core.package_identification:_identify(ego-planner-swarm/src/uav_simulator/Utils/uav_utils) by extension 'ignore'
[0.637s] Level 1:colcon.colcon_core.package_identification:_identify(ego-planner-swarm/src/uav_simulator/Utils/uav_utils) by extension 'ignore_ament_install'
[0.637s] Level 1:colcon.colcon_core.package_identification:_identify(ego-planner-swarm/src/uav_simulator/Utils/uav_utils) by extensions ['colcon_pkg']
[0.637s] Level 1:colcon.colcon_core.package_identification:_identify(ego-planner-swarm/src/uav_simulator/Utils/uav_utils) by extension 'colcon_pkg'
[0.637s] Level 1:colcon.colcon_core.package_identification:_identify(ego-planner-swarm/src/uav_simulator/Utils/uav_utils) by extensions ['colcon_meta']
[0.637s] Level 1:colcon.colcon_core.package_identification:_identify(ego-planner-swarm/src/uav_simulator/Utils/uav_utils) by extension 'colcon_meta'
[0.637s] Level 1:colcon.colcon_core.package_identification:_identify(ego-planner-swarm/src/uav_simulator/Utils/uav_utils) by extensions ['ros']
[0.638s] Level 1:colcon.colcon_core.package_identification:_identify(ego-planner-swarm/src/uav_simulator/Utils/uav_utils) by extension 'ros'
[0.639s] DEBUG:colcon.colcon_core.package_identification:Package 'ego-planner-swarm/src/uav_simulator/Utils/uav_utils' with type 'ros.ament_cmake' and name 'uav_utils'
[0.639s] Level 1:colcon.colcon_core.package_identification:_identify(ego-planner-swarm/src/uav_simulator/Utils/waypoint_generator) by extensions ['ignore', 'ignore_ament_install']
[0.639s] Level 1:colcon.colcon_core.package_identification:_identify(ego-planner-swarm/src/uav_simulator/Utils/waypoint_generator) by extension 'ignore'
[0.639s] Level 1:colcon.colcon_core.package_identification:_identify(ego-planner-swarm/src/uav_simulator/Utils/waypoint_generator) by extension 'ignore_ament_install'
[0.640s] Level 1:colcon.colcon_core.package_identification:_identify(ego-planner-swarm/src/uav_simulator/Utils/waypoint_generator) by extensions ['colcon_pkg']
[0.640s] Level 1:colcon.colcon_core.package_identification:_identify(ego-planner-swarm/src/uav_simulator/Utils/waypoint_generator) by extension 'colcon_pkg'
[0.640s] Level 1:colcon.colcon_core.package_identification:_identify(ego-planner-swarm/src/uav_simulator/Utils/waypoint_generator) by extensions ['colcon_meta']
[0.640s] Level 1:colcon.colcon_core.package_identification:_identify(ego-planner-swarm/src/uav_simulator/Utils/waypoint_generator) by extension 'colcon_meta'
[0.640s] Level 1:colcon.colcon_core.package_identification:_identify(ego-planner-swarm/src/uav_simulator/Utils/waypoint_generator) by extensions ['ros']
[0.640s] Level 1:colcon.colcon_core.package_identification:_identify(ego-planner-swarm/src/uav_simulator/Utils/waypoint_generator) by extension 'ros'
[0.641s] DEBUG:colcon.colcon_core.package_identification:Package 'ego-planner-swarm/src/uav_simulator/Utils/waypoint_generator' with type 'ros.ament_cmake' and name 'waypoint_generator'
[0.641s] Level 1:colcon.colcon_core.package_identification:_identify(ego-planner-swarm/src/uav_simulator/fake_drone) by extensions ['ignore', 'ignore_ament_install']
[0.642s] Level 1:colcon.colcon_core.package_identification:_identify(ego-planner-swarm/src/uav_simulator/fake_drone) by extension 'ignore'
[0.642s] Level 1:colcon.colcon_core.package_identification:_identify(ego-planner-swarm/src/uav_simulator/fake_drone) by extension 'ignore_ament_install'
[0.642s] Level 1:colcon.colcon_core.package_identification:_identify(ego-planner-swarm/src/uav_simulator/fake_drone) by extensions ['colcon_pkg']
[0.642s] Level 1:colcon.colcon_core.package_identification:_identify(ego-planner-swarm/src/uav_simulator/fake_drone) by extension 'colcon_pkg'
[0.642s] Level 1:colcon.colcon_core.package_identification:_identify(ego-planner-swarm/src/uav_simulator/fake_drone) by extensions ['colcon_meta']
[0.642s] Level 1:colcon.colcon_core.package_identification:_identify(ego-planner-swarm/src/uav_simulator/fake_drone) by extension 'colcon_meta'
[0.642s] Level 1:colcon.colcon_core.package_identification:_identify(ego-planner-swarm/src/uav_simulator/fake_drone) by extensions ['ros']
[0.642s] Level 1:colcon.colcon_core.package_identification:_identify(ego-planner-swarm/src/uav_simulator/fake_drone) by extension 'ros'
[0.643s] DEBUG:colcon.colcon_core.package_identification:Package 'ego-planner-swarm/src/uav_simulator/fake_drone' with type 'ros.ament_cmake' and name 'poscmd_2_odom'
[0.643s] Level 1:colcon.colcon_core.package_identification:_identify(ego-planner-swarm/src/uav_simulator/local_sensing) by extensions ['ignore', 'ignore_ament_install']
[0.644s] Level 1:colcon.colcon_core.package_identification:_identify(ego-planner-swarm/src/uav_simulator/local_sensing) by extension 'ignore'
[0.644s] Level 1:colcon.colcon_core.package_identification:_identify(ego-planner-swarm/src/uav_simulator/local_sensing) by extension 'ignore_ament_install'
[0.644s] Level 1:colcon.colcon_core.package_identification:_identify(ego-planner-swarm/src/uav_simulator/local_sensing) by extensions ['colcon_pkg']
[0.644s] Level 1:colcon.colcon_core.package_identification:_identify(ego-planner-swarm/src/uav_simulator/local_sensing) by extension 'colcon_pkg'
[0.644s] Level 1:colcon.colcon_core.package_identification:_identify(ego-planner-swarm/src/uav_simulator/local_sensing) by extensions ['colcon_meta']
[0.644s] Level 1:colcon.colcon_core.package_identification:_identify(ego-planner-swarm/src/uav_simulator/local_sensing) by extension 'colcon_meta'
[0.644s] Level 1:colcon.colcon_core.package_identification:_identify(ego-planner-swarm/src/uav_simulator/local_sensing) by extensions ['ros']
[0.644s] Level 1:colcon.colcon_core.package_identification:_identify(ego-planner-swarm/src/uav_simulator/local_sensing) by extension 'ros'
[0.646s] DEBUG:colcon.colcon_core.package_identification:Package 'ego-planner-swarm/src/uav_simulator/local_sensing' with type 'ros.ament_cmake' and name 'local_sensing'
[0.646s] Level 1:colcon.colcon_core.package_identification:_identify(ego-planner-swarm/src/uav_simulator/map_generator) by extensions ['ignore', 'ignore_ament_install']
[0.646s] Level 1:colcon.colcon_core.package_identification:_identify(ego-planner-swarm/src/uav_simulator/map_generator) by extension 'ignore'
[0.647s] Level 1:colcon.colcon_core.package_identification:_identify(ego-planner-swarm/src/uav_simulator/map_generator) by extension 'ignore_ament_install'
[0.647s] Level 1:colcon.colcon_core.package_identification:_identify(ego-planner-swarm/src/uav_simulator/map_generator) by extensions ['colcon_pkg']
[0.647s] Level 1:colcon.colcon_core.package_identification:_identify(ego-planner-swarm/src/uav_simulator/map_generator) by extension 'colcon_pkg'
[0.647s] Level 1:colcon.colcon_core.package_identification:_identify(ego-planner-swarm/src/uav_simulator/map_generator) by extensions ['colcon_meta']
[0.647s] Level 1:colcon.colcon_core.package_identification:_identify(ego-planner-swarm/src/uav_simulator/map_generator) by extension 'colcon_meta'
[0.647s] Level 1:colcon.colcon_core.package_identification:_identify(ego-planner-swarm/src/uav_simulator/map_generator) by extensions ['ros']
[0.647s] Level 1:colcon.colcon_core.package_identification:_identify(ego-planner-swarm/src/uav_simulator/map_generator) by extension 'ros'
[0.648s] DEBUG:colcon.colcon_core.package_identification:Package 'ego-planner-swarm/src/uav_simulator/map_generator' with type 'ros.ament_cmake' and name 'map_generator'
[0.649s] Level 1:colcon.colcon_core.package_identification:_identify(ego-planner-swarm/src/uav_simulator/mockamap) by extensions ['ignore', 'ignore_ament_install']
[0.649s] Level 1:colcon.colcon_core.package_identification:_identify(ego-planner-swarm/src/uav_simulator/mockamap) by extension 'ignore'
[0.649s] Level 1:colcon.colcon_core.package_identification:_identify(ego-planner-swarm/src/uav_simulator/mockamap) by extension 'ignore_ament_install'
[0.649s] Level 1:colcon.colcon_core.package_identification:_identify(ego-planner-swarm/src/uav_simulator/mockamap) by extensions ['colcon_pkg']
[0.649s] Level 1:colcon.colcon_core.package_identification:_identify(ego-planner-swarm/src/uav_simulator/mockamap) by extension 'colcon_pkg'
[0.649s] Level 1:colcon.colcon_core.package_identification:_identify(ego-planner-swarm/src/uav_simulator/mockamap) by extensions ['colcon_meta']
[0.649s] Level 1:colcon.colcon_core.package_identification:_identify(ego-planner-swarm/src/uav_simulator/mockamap) by extension 'colcon_meta'
[0.649s] Level 1:colcon.colcon_core.package_identification:_identify(ego-planner-swarm/src/uav_simulator/mockamap) by extensions ['ros']
[0.649s] Level 1:colcon.colcon_core.package_identification:_identify(ego-planner-swarm/src/uav_simulator/mockamap) by extension 'ros'
[0.651s] DEBUG:colcon.colcon_core.package_identification:Package 'ego-planner-swarm/src/uav_simulator/mockamap' with type 'ros.ament_cmake' and name 'mockamap'
[0.651s] Level 1:colcon.colcon_core.package_identification:_identify(ego-planner-swarm/src/uav_simulator/so3_control) by extensions ['ignore', 'ignore_ament_install']
[0.651s] Level 1:colcon.colcon_core.package_identification:_identify(ego-planner-swarm/src/uav_simulator/so3_control) by extension 'ignore'
[0.651s] Level 1:colcon.colcon_core.package_identification:_identify(ego-planner-swarm/src/uav_simulator/so3_control) by extension 'ignore_ament_install'
[0.651s] Level 1:colcon.colcon_core.package_identification:_identify(ego-planner-swarm/src/uav_simulator/so3_control) by extensions ['colcon_pkg']
[0.651s] Level 1:colcon.colcon_core.package_identification:_identify(ego-planner-swarm/src/uav_simulator/so3_control) by extension 'colcon_pkg'
[0.651s] Level 1:colcon.colcon_core.package_identification:_identify(ego-planner-swarm/src/uav_simulator/so3_control) by extensions ['colcon_meta']
[0.651s] Level 1:colcon.colcon_core.package_identification:_identify(ego-planner-swarm/src/uav_simulator/so3_control) by extension 'colcon_meta'
[0.651s] Level 1:colcon.colcon_core.package_identification:_identify(ego-planner-swarm/src/uav_simulator/so3_control) by extensions ['ros']
[0.652s] Level 1:colcon.colcon_core.package_identification:_identify(ego-planner-swarm/src/uav_simulator/so3_control) by extension 'ros'
[0.653s] DEBUG:colcon.colcon_core.package_identification:Package 'ego-planner-swarm/src/uav_simulator/so3_control' with type 'ros.ament_cmake' and name 'so3_control'
[0.653s] Level 1:colcon.colcon_core.package_identification:_identify(ego-planner-swarm/src/uav_simulator/so3_quadrotor_simulator) by extensions ['ignore', 'ignore_ament_install']
[0.653s] Level 1:colcon.colcon_core.package_identification:_identify(ego-planner-swarm/src/uav_simulator/so3_quadrotor_simulator) by extension 'ignore'
[0.653s] Level 1:colcon.colcon_core.package_identification:_identify(ego-planner-swarm/src/uav_simulator/so3_quadrotor_simulator) by extension 'ignore_ament_install'
[0.654s] Level 1:colcon.colcon_core.package_identification:_identify(ego-planner-swarm/src/uav_simulator/so3_quadrotor_simulator) by extensions ['colcon_pkg']
[0.654s] Level 1:colcon.colcon_core.package_identification:_identify(ego-planner-swarm/src/uav_simulator/so3_quadrotor_simulator) by extension 'colcon_pkg'
[0.654s] Level 1:colcon.colcon_core.package_identification:_identify(ego-planner-swarm/src/uav_simulator/so3_quadrotor_simulator) by extensions ['colcon_meta']
[0.654s] Level 1:colcon.colcon_core.package_identification:_identify(ego-planner-swarm/src/uav_simulator/so3_quadrotor_simulator) by extension 'colcon_meta'
[0.654s] Level 1:colcon.colcon_core.package_identification:_identify(ego-planner-swarm/src/uav_simulator/so3_quadrotor_simulator) by extensions ['ros']
[0.654s] Level 1:colcon.colcon_core.package_identification:_identify(ego-planner-swarm/src/uav_simulator/so3_quadrotor_simulator) by extension 'ros'
[0.655s] DEBUG:colcon.colcon_core.package_identification:Package 'ego-planner-swarm/src/uav_simulator/so3_quadrotor_simulator' with type 'ros.ament_cmake' and name 'so3_quadrotor_simulator'
[0.655s] Level 1:colcon.colcon_core.package_identification:_identify(go2_bringup) by extensions ['ignore', 'ignore_ament_install']
[0.656s] Level 1:colcon.colcon_core.package_identification:_identify(go2_bringup) by extension 'ignore'
[0.656s] Level 1:colcon.colcon_core.package_identification:_identify(go2_bringup) by extension 'ignore_ament_install'
[0.656s] Level 1:colcon.colcon_core.package_identification:_identify(go2_bringup) by extensions ['colcon_pkg']
[0.656s] Level 1:colcon.colcon_core.package_identification:_identify(go2_bringup) by extension 'colcon_pkg'
[0.656s] Level 1:colcon.colcon_core.package_identification:_identify(go2_bringup) by extensions ['colcon_meta']
[0.656s] Level 1:colcon.colcon_core.package_identification:_identify(go2_bringup) by extension 'colcon_meta'
[0.656s] Level 1:colcon.colcon_core.package_identification:_identify(go2_bringup) by extensions ['ros']
[0.656s] Level 1:colcon.colcon_core.package_identification:_identify(go2_bringup) by extension 'ros'
[0.657s] DEBUG:colcon.colcon_core.package_identification:Package 'go2_bringup' with type 'ros.ament_cmake' and name 'go2_bringup'
[0.657s] Level 1:colcon.colcon_core.package_identification:_identify(go2_nav2) by extensions ['ignore', 'ignore_ament_install']
[0.657s] Level 1:colcon.colcon_core.package_identification:_identify(go2_nav2) by extension 'ignore'
[0.657s] Level 1:colcon.colcon_core.package_identification:_identify(go2_nav2) by extension 'ignore_ament_install'
[0.657s] Level 1:colcon.colcon_core.package_identification:_identify(go2_nav2) by extensions ['colcon_pkg']
[0.657s] Level 1:colcon.colcon_core.package_identification:_identify(go2_nav2) by extension 'colcon_pkg'
[0.658s] Level 1:colcon.colcon_core.package_identification:_identify(go2_nav2) by extensions ['colcon_meta']
[0.658s] Level 1:colcon.colcon_core.package_identification:_identify(go2_nav2) by extension 'colcon_meta'
[0.658s] Level 1:colcon.colcon_core.package_identification:_identify(go2_nav2) by extensions ['ros']
[0.658s] Level 1:colcon.colcon_core.package_identification:_identify(go2_nav2) by extension 'ros'
[0.659s] DEBUG:colcon.colcon_core.package_identification:Package 'go2_nav2' with type 'ros.ament_cmake' and name 'go2_nav2'
[0.659s] Level 1:colcon.colcon_core.package_identification:_identify(install) by extensions ['ignore', 'ignore_ament_install']
[0.659s] Level 1:colcon.colcon_core.package_identification:_identify(install) by extension 'ignore'
[0.659s] Level 1:colcon.colcon_core.package_identification:_identify(install) ignored
[0.660s] Level 1:colcon.colcon_core.package_identification:_identify(livox_ros_driver2) by extensions ['ignore', 'ignore_ament_install']
[0.660s] Level 1:colcon.colcon_core.package_identification:_identify(livox_ros_driver2) by extension 'ignore'
[0.660s] Level 1:colcon.colcon_core.package_identification:_identify(livox_ros_driver2) by extension 'ignore_ament_install'
[0.660s] Level 1:colcon.colcon_core.package_identification:_identify(livox_ros_driver2) by extensions ['colcon_pkg']
[0.660s] Level 1:colcon.colcon_core.package_identification:_identify(livox_ros_driver2) by extension 'colcon_pkg'
[0.660s] Level 1:colcon.colcon_core.package_identification:_identify(livox_ros_driver2) by extensions ['colcon_meta']
[0.660s] Level 1:colcon.colcon_core.package_identification:_identify(livox_ros_driver2) by extension 'colcon_meta'
[0.660s] Level 1:colcon.colcon_core.package_identification:_identify(livox_ros_driver2) by extensions ['ros']
[0.660s] Level 1:colcon.colcon_core.package_identification:_identify(livox_ros_driver2) by extension 'ros'
[0.662s] DEBUG:colcon.colcon_core.package_identification:Package 'livox_ros_driver2' with type 'ros.ament_cmake' and name 'livox_ros_driver2'
[0.662s] Level 1:colcon.colcon_core.package_identification:_identify(log) by extensions ['ignore', 'ignore_ament_install']
[0.662s] Level 1:colcon.colcon_core.package_identification:_identify(log) by extension 'ignore'
[0.662s] Level 1:colcon.colcon_core.package_identification:_identify(log) ignored
[0.663s] Level 1:colcon.colcon_core.package_identification:_identify(pointcloud_to_laserscan) by extensions ['ignore', 'ignore_ament_install']
[0.663s] Level 1:colcon.colcon_core.package_identification:_identify(pointcloud_to_laserscan) by extension 'ignore'
[0.663s] Level 1:colcon.colcon_core.package_identification:_identify(pointcloud_to_laserscan) by extension 'ignore_ament_install'
[0.663s] Level 1:colcon.colcon_core.package_identification:_identify(pointcloud_to_laserscan) by extensions ['colcon_pkg']
[0.663s] Level 1:colcon.colcon_core.package_identification:_identify(pointcloud_to_laserscan) by extension 'colcon_pkg'
[0.663s] Level 1:colcon.colcon_core.package_identification:_identify(pointcloud_to_laserscan) by extensions ['colcon_meta']
[0.663s] Level 1:colcon.colcon_core.package_identification:_identify(pointcloud_to_laserscan) by extension 'colcon_meta'
[0.663s] Level 1:colcon.colcon_core.package_identification:_identify(pointcloud_to_laserscan) by extensions ['ros']
[0.663s] Level 1:colcon.colcon_core.package_identification:_identify(pointcloud_to_laserscan) by extension 'ros'
[0.665s] DEBUG:colcon.colcon_core.package_identification:Package 'pointcloud_to_laserscan' with type 'ros.ament_cmake' and name 'pointcloud_to_laserscan'
[0.665s] Level 1:colcon.colcon_core.package_identification:_identify(rviz_2d_overlay_plugins) by extensions ['ignore', 'ignore_ament_install']
[0.665s] Level 1:colcon.colcon_core.package_identification:_identify(rviz_2d_overlay_plugins) by extension 'ignore'
[0.665s] Level 1:colcon.colcon_core.package_identification:_identify(rviz_2d_overlay_plugins) by extension 'ignore_ament_install'
[0.666s] Level 1:colcon.colcon_core.package_identification:_identify(rviz_2d_overlay_plugins) by extensions ['colcon_pkg']
[0.666s] Level 1:colcon.colcon_core.package_identification:_identify(rviz_2d_overlay_plugins) by extension 'colcon_pkg'
[0.666s] Level 1:colcon.colcon_core.package_identification:_identify(rviz_2d_overlay_plugins) by extensions ['colcon_meta']
[0.666s] Level 1:colcon.colcon_core.package_identification:_identify(rviz_2d_overlay_plugins) by extension 'colcon_meta'
[0.666s] Level 1:colcon.colcon_core.package_identification:_identify(rviz_2d_overlay_plugins) by extensions ['ros']
[0.666s] Level 1:colcon.colcon_core.package_identification:_identify(rviz_2d_overlay_plugins) by extension 'ros'
[0.666s] Level 1:colcon.colcon_core.package_identification:_identify(rviz_2d_overlay_plugins) by extensions ['cmake', 'python']
[0.666s] Level 1:colcon.colcon_core.package_identification:_identify(rviz_2d_overlay_plugins) by extension 'cmake'
[0.666s] Level 1:colcon.colcon_core.package_identification:_identify(rviz_2d_overlay_plugins) by extension 'python'
[0.666s] Level 1:colcon.colcon_core.package_identification:_identify(rviz_2d_overlay_plugins) by extensions ['python_setup_py']
[0.666s] Level 1:colcon.colcon_core.package_identification:_identify(rviz_2d_overlay_plugins) by extension 'python_setup_py'
[0.666s] Level 1:colcon.colcon_core.package_identification:_identify(rviz_2d_overlay_plugins/rviz_2d_overlay_msgs) by extensions ['ignore', 'ignore_ament_install']
[0.667s] Level 1:colcon.colcon_core.package_identification:_identify(rviz_2d_overlay_plugins/rviz_2d_overlay_msgs) by extension 'ignore'
[0.667s] Level 1:colcon.colcon_core.package_identification:_identify(rviz_2d_overlay_plugins/rviz_2d_overlay_msgs) by extension 'ignore_ament_install'
[0.667s] Level 1:colcon.colcon_core.package_identification:_identify(rviz_2d_overlay_plugins/rviz_2d_overlay_msgs) by extensions ['colcon_pkg']
[0.667s] Level 1:colcon.colcon_core.package_identification:_identify(rviz_2d_overlay_plugins/rviz_2d_overlay_msgs) by extension 'colcon_pkg'
[0.667s] Level 1:colcon.colcon_core.package_identification:_identify(rviz_2d_overlay_plugins/rviz_2d_overlay_msgs) by extensions ['colcon_meta']
[0.667s] Level 1:colcon.colcon_core.package_identification:_identify(rviz_2d_overlay_plugins/rviz_2d_overlay_msgs) by extension 'colcon_meta'
[0.667s] Level 1:colcon.colcon_core.package_identification:_identify(rviz_2d_overlay_plugins/rviz_2d_overlay_msgs) by extensions ['ros']
[0.667s] Level 1:colcon.colcon_core.package_identification:_identify(rviz_2d_overlay_plugins/rviz_2d_overlay_msgs) by extension 'ros'
[0.668s] DEBUG:colcon.colcon_core.package_identification:Package 'rviz_2d_overlay_plugins/rviz_2d_overlay_msgs' with type 'ros.ament_cmake' and name 'rviz_2d_overlay_msgs'
[0.668s] Level 1:colcon.colcon_core.package_identification:_identify(rviz_2d_overlay_plugins/rviz_2d_overlay_plugins) by extensions ['ignore', 'ignore_ament_install']
[0.668s] Level 1:colcon.colcon_core.package_identification:_identify(rviz_2d_overlay_plugins/rviz_2d_overlay_plugins) by extension 'ignore'
[0.668s] Level 1:colcon.colcon_core.package_identification:_identify(rviz_2d_overlay_plugins/rviz_2d_overlay_plugins) by extension 'ignore_ament_install'
[0.668s] Level 1:colcon.colcon_core.package_identification:_identify(rviz_2d_overlay_plugins/rviz_2d_overlay_plugins) by extensions ['colcon_pkg']
[0.668s] Level 1:colcon.colcon_core.package_identification:_identify(rviz_2d_overlay_plugins/rviz_2d_overlay_plugins) by extension 'colcon_pkg'
[0.668s] Level 1:colcon.colcon_core.package_identification:_identify(rviz_2d_overlay_plugins/rviz_2d_overlay_plugins) by extensions ['colcon_meta']
[0.669s] Level 1:colcon.colcon_core.package_identification:_identify(rviz_2d_overlay_plugins/rviz_2d_overlay_plugins) by extension 'colcon_meta'
[0.669s] Level 1:colcon.colcon_core.package_identification:_identify(rviz_2d_overlay_plugins/rviz_2d_overlay_plugins) by extensions ['ros']
[0.669s] Level 1:colcon.colcon_core.package_identification:_identify(rviz_2d_overlay_plugins/rviz_2d_overlay_plugins) by extension 'ros'
[0.670s] DEBUG:colcon.colcon_core.package_identification:Package 'rviz_2d_overlay_plugins/rviz_2d_overlay_plugins' with type 'ros.ament_cmake' and name 'rviz_2d_overlay_plugins'
[0.670s] Level 1:colcon.colcon_core.package_discovery:discover_packages(recursive) using defaults
[0.670s] Level 1:colcon.colcon_core.package_discovery:discover_packages(ignore) discover
[0.670s] Level 1:colcon.colcon_core.package_discovery:discover_packages(ignore) using defaults
[0.670s] Level 1:colcon.colcon_core.package_discovery:discover_packages(path) discover
[0.670s] Level 1:colcon.colcon_core.package_discovery:discover_packages(path) using defaults
[0.716s] INFO:colcon.colcon_core.package_selection:Skipping not selected package 'cmake_utils' in 'ego-planner-swarm/src/uav_simulator/Utils/cmake_utils'
[0.717s] INFO:colcon.colcon_core.package_selection:Skipping not selected package 'drone_detect' in 'ego-planner-swarm/src/planner/drone_detect'
[0.717s] INFO:colcon.colcon_core.package_selection:Skipping not selected package 'go2_bringup' in 'go2_bringup'
[0.717s] INFO:colcon.colcon_core.package_selection:Skipping not selected package 'livox_ros_driver2' in 'livox_ros_driver2'
[0.717s] INFO:colcon.colcon_core.package_selection:Skipping not selected package 'map_generator' in 'ego-planner-swarm/src/uav_simulator/map_generator'
[0.717s] INFO:colcon.colcon_core.package_selection:Skipping not selected package 'mockamap' in 'ego-planner-swarm/src/uav_simulator/mockamap'
[0.717s] INFO:colcon.colcon_core.package_selection:Skipping not selected package 'plan_env' in 'ego-planner-swarm/src/planner/plan_env'
[0.717s] INFO:colcon.colcon_core.package_selection:Skipping not selected package 'pointcloud_to_laserscan' in 'pointcloud_to_laserscan'
[0.717s] INFO:colcon.colcon_core.package_selection:Skipping not selected package 'pose_utils' in 'ego-planner-swarm/src/uav_simulator/Utils/pose_utils'
[0.717s] INFO:colcon.colcon_core.package_selection:Skipping not selected package 'quadrotor_msgs' in 'ego-planner-swarm/src/uav_simulator/Utils/quadrotor_msgs'
[0.717s] INFO:colcon.colcon_core.package_selection:Skipping not selected package 'rviz_2d_overlay_msgs' in 'rviz_2d_overlay_plugins/rviz_2d_overlay_msgs'
[0.717s] INFO:colcon.colcon_core.package_selection:Skipping not selected package 'super_odometry_msgs' in 'SuperOdom/super_odometry_msgs'
[0.717s] INFO:colcon.colcon_core.package_selection:Skipping not selected package 'traj_utils' in 'ego-planner-swarm/src/planner/traj_utils'
[0.717s] INFO:colcon.colcon_core.package_selection:Skipping not selected package 'waypoint_generator' in 'ego-planner-swarm/src/uav_simulator/Utils/waypoint_generator'
[0.717s] INFO:colcon.colcon_core.package_selection:Skipping not selected package 'local_sensing' in 'ego-planner-swarm/src/uav_simulator/local_sensing'
[0.717s] INFO:colcon.colcon_core.package_selection:Skipping not selected package 'multi_map_server' in 'ego-planner-swarm/src/uav_simulator/Utils/multi_map_server'
[0.717s] INFO:colcon.colcon_core.package_selection:Skipping not selected package 'odom_visualization' in 'ego-planner-swarm/src/uav_simulator/Utils/odom_visualization'
[0.717s] INFO:colcon.colcon_core.package_selection:Skipping not selected package 'path_searching' in 'ego-planner-swarm/src/planner/path_searching'
[0.717s] INFO:colcon.colcon_core.package_selection:Skipping not selected package 'poscmd_2_odom' in 'ego-planner-swarm/src/uav_simulator/fake_drone'
[0.717s] INFO:colcon.colcon_core.package_selection:Skipping not selected package 'rosmsg_tcp_bridge' in 'ego-planner-swarm/src/planner/rosmsg_tcp_bridge'
[0.717s] INFO:colcon.colcon_core.package_selection:Skipping not selected package 'rviz_2d_overlay_plugins' in 'rviz_2d_overlay_plugins/rviz_2d_overlay_plugins'
[0.718s] INFO:colcon.colcon_core.package_selection:Skipping not selected package 'so3_control' in 'ego-planner-swarm/src/uav_simulator/so3_control'
[0.718s] INFO:colcon.colcon_core.package_selection:Skipping not selected package 'super_odometry' in 'SuperOdom/super_odometry'
[0.718s] INFO:colcon.colcon_core.package_selection:Skipping not selected package 'uav_utils' in 'ego-planner-swarm/src/uav_simulator/Utils/uav_utils'
[0.718s] INFO:colcon.colcon_core.package_selection:Skipping not selected package 'bspline_opt' in 'ego-planner-swarm/src/planner/bspline_opt'
[0.718s] INFO:colcon.colcon_core.package_selection:Skipping not selected package 'so3_quadrotor_simulator' in 'ego-planner-swarm/src/uav_simulator/so3_quadrotor_simulator'
[0.718s] INFO:colcon.colcon_core.package_selection:Skipping not selected package 'ego_planner' in 'ego-planner-swarm/src/planner/plan_manage'
[0.718s] Level 5:colcon.colcon_core.verb:set package 'go2_nav2' build argument 'cmake_args' from command line to 'None'
[0.719s] Level 5:colcon.colcon_core.verb:set package 'go2_nav2' build argument 'cmake_target' from command line to 'None'
[0.719s] Level 5:colcon.colcon_core.verb:set package 'go2_nav2' build argument 'cmake_target_skip_unavailable' from command line to 'False'
[0.719s] Level 5:colcon.colcon_core.verb:set package 'go2_nav2' build argument 'cmake_clean_cache' from command line to 'False'
[0.719s] Level 5:colcon.colcon_core.verb:set package 'go2_nav2' build argument 'cmake_clean_first' from command line to 'False'
[0.719s] Level 5:colcon.colcon_core.verb:set package 'go2_nav2' build argument 'cmake_force_configure' from command line to 'False'
[0.719s] Level 5:colcon.colcon_core.verb:set package 'go2_nav2' build argument 'ament_cmake_args' from command line to 'None'
[0.719s] Level 5:colcon.colcon_core.verb:set package 'go2_nav2' build argument 'catkin_cmake_args' from command line to 'None'
[0.719s] Level 5:colcon.colcon_core.verb:set package 'go2_nav2' build argument 'catkin_skip_building_tests' from command line to 'False'
[0.719s] DEBUG:colcon.colcon_core.verb:Building package 'go2_nav2' with the following arguments: {'ament_cmake_args': None, 'build_base': '/root/ros2_ws/src/build/go2_nav2', 'catkin_cmake_args': None, 'catkin_skip_building_tests': False, 'cmake_args': None, 'cmake_clean_cache': False, 'cmake_clean_first': False, 'cmake_force_configure': False, 'cmake_target': None, 'cmake_target_skip_unavailable': False, 'install_base': '/root/ros2_ws/src/install/go2_nav2', 'merge_install': False, 'path': '/root/ros2_ws/src/go2_nav2', 'symlink_install': True, 'test_result_base': None}
[0.719s] INFO:colcon.colcon_core.executor:Executing jobs using 'parallel' executor
[0.721s] DEBUG:colcon.colcon_parallel_executor.executor.parallel:run_until_complete
[0.722s] INFO:colcon.colcon_ros.task.ament_cmake.build:Building ROS package in '/root/ros2_ws/src/go2_nav2' with build type 'ament_cmake'
[0.722s] INFO:colcon.colcon_cmake.task.cmake.build:Building CMake package in '/root/ros2_ws/src/go2_nav2'
[0.727s] INFO:colcon.colcon_core.plugin_system:Skipping extension 'colcon_core.shell.bat': Not used on non-Windows systems
[0.728s] INFO:colcon.colcon_core.shell:Skip shell extension 'powershell' for command environment: Not usable outside of PowerShell
[0.728s] DEBUG:colcon.colcon_core.shell:Skip shell extension 'dsv' for command environment
[0.750s] DEBUG:colcon.colcon_core.event_handler.log_command:Invoking command in '/root/ros2_ws/src/build/go2_nav2': CMAKE_PREFIX_PATH=${CMAKE_PREFIX_PATH}:/opt/ros/humble /usr/bin/cmake --build /root/ros2_ws/src/build/go2_nav2 -- -j8 -l8
[18.828s] DEBUG:colcon.colcon_core.event_handler.log_command:Invoked command in '/root/ros2_ws/src/build/go2_nav2' returned '0': CMAKE_PREFIX_PATH=${CMAKE_PREFIX_PATH}:/opt/ros/humble /usr/bin/cmake --build /root/ros2_ws/src/build/go2_nav2 -- -j8 -l8
[18.848s] DEBUG:colcon.colcon_core.event_handler.log_command:Invoking command in '/root/ros2_ws/src/build/go2_nav2': CMAKE_PREFIX_PATH=${CMAKE_PREFIX_PATH}:/opt/ros/humble /usr/bin/cmake --install /root/ros2_ws/src/build/go2_nav2
[18.888s] Level 1:colcon.colcon_core.environment:create_environment_scripts_only(go2_nav2)
[18.890s] DEBUG:colcon.colcon_core.event_handler.log_command:Invoked command in '/root/ros2_ws/src/build/go2_nav2' returned '0': CMAKE_PREFIX_PATH=${CMAKE_PREFIX_PATH}:/opt/ros/humble /usr/bin/cmake --install /root/ros2_ws/src/build/go2_nav2
[18.899s] Level 1:colcon.colcon_core.environment:checking '/root/ros2_ws/src/install/go2_nav2' for CMake module files
[18.901s] Level 1:colcon.colcon_core.environment:checking '/root/ros2_ws/src/install/go2_nav2' for CMake config files
[18.902s] Level 1:colcon.colcon_core.shell:create_environment_hook('go2_nav2', 'cmake_prefix_path')
[18.903s] INFO:colcon.colcon_core.shell:Creating environment hook '/root/ros2_ws/src/install/go2_nav2/share/go2_nav2/hook/cmake_prefix_path.ps1'
[18.906s] INFO:colcon.colcon_core.shell:Creating environment descriptor '/root/ros2_ws/src/install/go2_nav2/share/go2_nav2/hook/cmake_prefix_path.dsv'
[18.907s] INFO:colcon.colcon_core.shell:Creating environment hook '/root/ros2_ws/src/install/go2_nav2/share/go2_nav2/hook/cmake_prefix_path.sh'
[18.911s] Level 1:colcon.colcon_core.environment:checking '/root/ros2_ws/src/install/go2_nav2/lib'
[18.911s] Level 1:colcon.colcon_core.environment:checking '/root/ros2_ws/src/install/go2_nav2/bin'
[18.912s] Level 1:colcon.colcon_core.environment:checking '/root/ros2_ws/src/install/go2_nav2/lib/pkgconfig/go2_nav2.pc'
[18.917s] Level 1:colcon.colcon_core.environment:checking '/root/ros2_ws/src/install/go2_nav2/lib/python3.10/site-packages'
[18.917s] Level 1:colcon.colcon_core.environment:checking '/root/ros2_ws/src/install/go2_nav2/bin'
[18.919s] INFO:colcon.colcon_core.shell:Creating package script '/root/ros2_ws/src/install/go2_nav2/share/go2_nav2/package.ps1'
[18.921s] INFO:colcon.colcon_core.shell:Creating package descriptor '/root/ros2_ws/src/install/go2_nav2/share/go2_nav2/package.dsv'
[18.923s] INFO:colcon.colcon_core.shell:Creating package script '/root/ros2_ws/src/install/go2_nav2/share/go2_nav2/package.sh'
[18.925s] INFO:colcon.colcon_core.shell:Creating package script '/root/ros2_ws/src/install/go2_nav2/share/go2_nav2/package.bash'
[18.927s] INFO:colcon.colcon_core.shell:Creating package script '/root/ros2_ws/src/install/go2_nav2/share/go2_nav2/package.zsh'
[18.929s] Level 1:colcon.colcon_core.environment:create_file_with_runtime_dependencies(/root/ros2_ws/src/install/go2_nav2/share/colcon-core/packages/go2_nav2)
[18.931s] Level 1:colcon.colcon_core.environment:create_environment_scripts_only(go2_nav2)
[18.932s] Level 1:colcon.colcon_core.environment:checking '/root/ros2_ws/src/install/go2_nav2' for CMake module files
[18.933s] Level 1:colcon.colcon_core.environment:checking '/root/ros2_ws/src/install/go2_nav2' for CMake config files
[18.934s] Level 1:colcon.colcon_core.shell:create_environment_hook('go2_nav2', 'cmake_prefix_path')
[18.934s] INFO:colcon.colcon_core.shell:Creating environment hook '/root/ros2_ws/src/install/go2_nav2/share/go2_nav2/hook/cmake_prefix_path.ps1'
[18.936s] INFO:colcon.colcon_core.shell:Creating environment descriptor '/root/ros2_ws/src/install/go2_nav2/share/go2_nav2/hook/cmake_prefix_path.dsv'
[18.936s] INFO:colcon.colcon_core.shell:Creating environment hook '/root/ros2_ws/src/install/go2_nav2/share/go2_nav2/hook/cmake_prefix_path.sh'
[18.938s] Level 1:colcon.colcon_core.environment:checking '/root/ros2_ws/src/install/go2_nav2/lib'
[18.938s] Level 1:colcon.colcon_core.environment:checking '/root/ros2_ws/src/install/go2_nav2/bin'
[18.938s] Level 1:colcon.colcon_core.environment:checking '/root/ros2_ws/src/install/go2_nav2/lib/pkgconfig/go2_nav2.pc'
[18.939s] Level 1:colcon.colcon_core.environment:checking '/root/ros2_ws/src/install/go2_nav2/lib/python3.10/site-packages'
[18.939s] Level 1:colcon.colcon_core.environment:checking '/root/ros2_ws/src/install/go2_nav2/bin'
[18.940s] INFO:colcon.colcon_core.shell:Creating package script '/root/ros2_ws/src/install/go2_nav2/share/go2_nav2/package.ps1'
[18.941s] INFO:colcon.colcon_core.shell:Creating package descriptor '/root/ros2_ws/src/install/go2_nav2/share/go2_nav2/package.dsv'
[18.942s] INFO:colcon.colcon_core.shell:Creating package script '/root/ros2_ws/src/install/go2_nav2/share/go2_nav2/package.sh'
[18.943s] INFO:colcon.colcon_core.shell:Creating package script '/root/ros2_ws/src/install/go2_nav2/share/go2_nav2/package.bash'
[18.944s] INFO:colcon.colcon_core.shell:Creating package script '/root/ros2_ws/src/install/go2_nav2/share/go2_nav2/package.zsh'
[18.944s] Level 1:colcon.colcon_core.environment:create_file_with_runtime_dependencies(/root/ros2_ws/src/install/go2_nav2/share/colcon-core/packages/go2_nav2)
[18.945s] DEBUG:colcon.colcon_parallel_executor.executor.parallel:closing loop
[18.946s] DEBUG:colcon.colcon_parallel_executor.executor.parallel:loop closed
[18.946s] DEBUG:colcon.colcon_parallel_executor.executor.parallel:run_until_complete finished with '0'
[18.947s] DEBUG:colcon.colcon_core.event_reactor:joining thread
[18.961s] INFO:colcon.colcon_core.plugin_system:Skipping extension 'colcon_notification.desktop_notification.notify_send': Could not find 'notify-send'
[18.961s] INFO:colcon.colcon_core.plugin_system:Skipping extension 'colcon_notification.desktop_notification.terminal_notifier': Not used on non-Darwin systems
[18.961s] INFO:colcon.colcon_core.plugin_system:Skipping extension 'colcon_notification.desktop_notification.win32': Not used on non-Windows systems
[18.961s] INFO:colcon.colcon_notification.desktop_notification:Sending desktop notification using 'notify2'
[18.967s] DEBUG:colcon.colcon_notification.desktop_notification.notify2:Failed to initialize notify2: org.freedesktop.DBus.Error.Spawn.ExecFailed: /usr/bin/dbus-launch terminated abnormally without any error message
[18.968s] DEBUG:colcon.colcon_core.event_reactor:joined thread
[18.969s] INFO:colcon.colcon_core.shell:Creating prefix script '/root/ros2_ws/src/install/local_setup.ps1'
[18.971s] INFO:colcon.colcon_core.shell:Creating prefix util module '/root/ros2_ws/src/install/_local_setup_util_ps1.py'
[18.974s] INFO:colcon.colcon_core.shell:Creating prefix chain script '/root/ros2_ws/src/install/setup.ps1'
[18.980s] INFO:colcon.colcon_core.shell:Creating prefix script '/root/ros2_ws/src/install/local_setup.sh'
[18.982s] INFO:colcon.colcon_core.shell:Creating prefix util module '/root/ros2_ws/src/install/_local_setup_util_sh.py'
[18.983s] INFO:colcon.colcon_core.shell:Creating prefix chain script '/root/ros2_ws/src/install/setup.sh'
[18.989s] INFO:colcon.colcon_core.shell:Creating prefix script '/root/ros2_ws/src/install/local_setup.bash'
[18.990s] INFO:colcon.colcon_core.shell:Creating prefix chain script '/root/ros2_ws/src/install/setup.bash'
[18.994s] INFO:colcon.colcon_core.shell:Creating prefix script '/root/ros2_ws/src/install/local_setup.zsh'
[18.995s] INFO:colcon.colcon_core.shell:Creating prefix chain script '/root/ros2_ws/src/install/setup.zsh'
