[0.025s] Invoking command in '/root/ros2_ws/src/build/go2_nav2': CMAKE_PREFIX_PATH=${CMAKE_PREFIX_PATH}:/opt/ros/humble /usr/bin/cmake --build /root/ros2_ws/src/build/go2_nav2 -- -j8 -l8
[0.075s] -- Found ament_cmake: 1.3.12 (/opt/ros/humble/share/ament_cmake/cmake)
[0.324s] -- Override CMake install command with custom implementation using symlinks instead of copying resources
[0.339s] -- Found rclcpp: 16.0.15 (/opt/ros/humble/share/rclcpp/cmake)
[0.389s] -- Found rosidl_generator_c: 3.1.7 (/opt/ros/humble/share/rosidl_generator_c/cmake)
[0.393s] -- Found rosidl_adapter: 3.1.7 (/opt/ros/humble/share/rosidl_adapter/cmake)
[0.401s] -- Found rosidl_generator_cpp: 3.1.7 (/opt/ros/humble/share/rosidl_generator_cpp/cmake)
[0.416s] -- Using all available rosidl_typesupport_c: rosidl_typesupport_fastrtps_c;rosidl_typesupport_introspection_c
[0.436s] -- Using all available rosidl_typesupport_cpp: rosidl_typesupport_fastrtps_cpp;rosidl_typesupport_introspection_cpp
[0.484s] -- Found rmw_implementation_cmake: 6.1.2 (/opt/ros/humble/share/rmw_implementation_cmake/cmake)
[0.487s] -- Found rmw_cyclonedds_cpp: 1.3.4 (/opt/ros/humble/share/rmw_cyclonedds_cpp/cmake)
[0.515s] -- Using RMW implementation 'rmw_cyclonedds_cpp' as default
[0.586s] -- Found nav_msgs: 4.9.0 (/opt/ros/humble/share/nav_msgs/cmake)
[0.627s] -- Found tf2: 0.25.16 (/opt/ros/humble/share/tf2/cmake)
[0.632s] -- Found tf2_ros: 0.25.16 (/opt/ros/humble/share/tf2_ros/cmake)
[0.744s] -- Found tf2_geometry_msgs: 0.25.16 (/opt/ros/humble/share/tf2_geometry_msgs/cmake)
[0.749s] -- Found eigen3_cmake_module: 0.1.1 (/opt/ros/humble/share/eigen3_cmake_module/cmake)
[0.751s] -- Ensuring Eigen3 include directory is part of orocos-kdl CMake target
[0.767s] -- Found ament_lint_auto: 0.12.14 (/opt/ros/humble/share/ament_lint_auto/cmake)
[0.901s] -- Added test 'cppcheck' to perform static code analysis on C / C++ code
[0.901s] -- Configured cppcheck include dirs: /root/ros2_ws/src/go2_nav2/include
[0.901s] -- Configured cppcheck exclude dirs and/or files: 
[0.902s] -- Added test 'lint_cmake' to check CMake code style
[0.903s] -- Added test 'uncrustify' to check C / C++ code style
[0.903s] -- Configured uncrustify additional arguments: 
[0.904s] -- Added test 'xmllint' to check XML markup files
[0.905s] -- Configuring done
[0.939s] -- Generating done
[0.950s] -- Build files have been written to: /root/ros2_ws/src/build/go2_nav2
[1.009s] [35m[1mConsolidate compiler generated dependencies of target odom_tf_broadcaster[0m
[1.009s] [35m[1mConsolidate compiler generated dependencies of target transform_remapper[0m
[1.009s] [35m[1mConsolidate compiler generated dependencies of target footprint_transform_publisher[0m
[1.052s] [ 83%] [32mBuilding CXX object CMakeFiles/footprint_transform_publisher.dir/src/footprint_transform_publisher.cpp.o[0m
[1.052s] [ 83%] Built target transform_remapper
[1.052s] [ 83%] Built target odom_tf_broadcaster
[9.078s] [100%] [32m[1mLinking CXX executable footprint_transform_publisher[0m
[9.431s] [100%] Built target footprint_transform_publisher
[9.456s] Invoked command in '/root/ros2_ws/src/build/go2_nav2' returned '0': CMAKE_PREFIX_PATH=${CMAKE_PREFIX_PATH}:/opt/ros/humble /usr/bin/cmake --build /root/ros2_ws/src/build/go2_nav2 -- -j8 -l8
[9.475s] Invoking command in '/root/ros2_ws/src/build/go2_nav2': CMAKE_PREFIX_PATH=${CMAKE_PREFIX_PATH}:/opt/ros/humble /usr/bin/cmake --install /root/ros2_ws/src/build/go2_nav2
[9.490s] -- Install configuration: ""
[9.491s] -- Execute custom install script
[9.491s] -- Up-to-date symlink: /root/ros2_ws/src/install/go2_nav2/lib/go2_nav2/odom_tf_broadcaster
[9.492s] -- Up-to-date symlink: /root/ros2_ws/src/install/go2_nav2/lib/go2_nav2/transform_remapper
[9.492s] -- Up-to-date symlink: /root/ros2_ws/src/install/go2_nav2/lib/go2_nav2/footprint_transform_publisher
[9.492s] -- Up-to-date symlink: /root/ros2_ws/src/install/go2_nav2/share/ament_index/resource_index/package_run_dependencies/go2_nav2
[9.492s] -- Up-to-date symlink: /root/ros2_ws/src/install/go2_nav2/share/ament_index/resource_index/parent_prefix_path/go2_nav2
[9.493s] -- Up-to-date symlink: /root/ros2_ws/src/install/go2_nav2/share/go2_nav2/environment/ament_prefix_path.sh
[9.494s] -- Up-to-date symlink: /root/ros2_ws/src/install/go2_nav2/share/go2_nav2/environment/ament_prefix_path.dsv
[9.494s] -- Up-to-date symlink: /root/ros2_ws/src/install/go2_nav2/share/go2_nav2/environment/path.sh
[9.494s] -- Up-to-date symlink: /root/ros2_ws/src/install/go2_nav2/share/go2_nav2/environment/path.dsv
[9.494s] -- Up-to-date symlink: /root/ros2_ws/src/install/go2_nav2/share/go2_nav2/local_setup.bash
[9.495s] -- Up-to-date symlink: /root/ros2_ws/src/install/go2_nav2/share/go2_nav2/local_setup.sh
[9.495s] -- Up-to-date symlink: /root/ros2_ws/src/install/go2_nav2/share/go2_nav2/local_setup.zsh
[9.495s] -- Up-to-date symlink: /root/ros2_ws/src/install/go2_nav2/share/go2_nav2/local_setup.dsv
[9.495s] -- Symlinking: /root/ros2_ws/src/install/go2_nav2/share/go2_nav2/package.dsv
[9.513s] -- Up-to-date symlink: /root/ros2_ws/src/install/go2_nav2/share/ament_index/resource_index/packages/go2_nav2
[9.513s] -- Up-to-date symlink: /root/ros2_ws/src/install/go2_nav2/share/go2_nav2/cmake/go2_nav2Config.cmake
[9.513s] -- Up-to-date symlink: /root/ros2_ws/src/install/go2_nav2/share/go2_nav2/cmake/go2_nav2Config-version.cmake
[9.513s] -- Up-to-date symlink: /root/ros2_ws/src/install/go2_nav2/share/go2_nav2/package.xml
[9.518s] Invoked command in '/root/ros2_ws/src/build/go2_nav2' returned '0': CMAKE_PREFIX_PATH=${CMAKE_PREFIX_PATH}:/opt/ros/humble /usr/bin/cmake --install /root/ros2_ws/src/build/go2_nav2
