[0.381s] DEBUG:colcon:Command line arguments: ['/usr/bin/colcon', 'list', '-p', '--base-paths', '/home/unitree/ros2_ws']
[0.381s] DEBUG:colcon:Parsed command line arguments: Namespace(allow_overriding=[], base_paths=['/home/unitree/ros2_ws'], build_base='build', ignore_user_meta=False, log_base=None, log_level=None, main=<bound method ListVerb.main of <colcon_package_information.verb.list.ListVerb object at 0xffff9140af70>>, metas=['./colcon.meta'], names_only=False, packages_above=None, packages_above_and_dependencies=None, packages_above_depth=None, packages_end=None, packages_ignore=None, packages_ignore_regex=None, packages_select=None, packages_select_build_failed=False, packages_select_by_dep=None, packages_select_regex=None, packages_select_test_failures=False, packages_skip=None, packages_skip_build_finished=False, packages_skip_by_dep=None, packages_skip_regex=None, packages_skip_test_passed=False, packages_skip_up_to=None, packages_start=None, packages_up_to=None, packages_up_to_regex=None, paths=None, paths_only=True, topological_graph=False, topological_graph_density=False, topological_graph_dot=False, topological_graph_dot_cluster=False, topological_graph_dot_include_skipped=False, topological_graph_legend=False, topological_order=False, verb_extension=<colcon_package_information.verb.list.ListVerb object at 0xffff9140af70>, verb_name='list', verb_parser=<colcon_defaults.argument_parser.defaults.DefaultArgumentsDecorator object at 0xffff91354940>)
[0.686s] Level 1:colcon.colcon_core.package_discovery:discover_packages(colcon_meta) check parameters
[0.686s] Level 1:colcon.colcon_core.package_discovery:discover_packages(recursive) check parameters
[0.686s] Level 1:colcon.colcon_core.package_discovery:discover_packages(ignore) check parameters
[0.687s] Level 1:colcon.colcon_core.package_discovery:discover_packages(path) check parameters
[0.687s] Level 1:colcon.colcon_core.package_discovery:discover_packages(recursive) discover
[0.687s] INFO:colcon.colcon_core.package_discovery:Crawling recursively for packages in '/home/unitree/ros2_ws'
[0.687s] Level 1:colcon.colcon_core.package_identification:_identify(/home/unitree/ros2_ws) by extensions ['ignore', 'ignore_ament_install']
[0.687s] Level 1:colcon.colcon_core.package_identification:_identify(/home/unitree/ros2_ws) by extension 'ignore'
[0.687s] Level 1:colcon.colcon_core.package_identification:_identify(/home/unitree/ros2_ws) by extension 'ignore_ament_install'
[0.688s] Level 1:colcon.colcon_core.package_identification:_identify(/home/unitree/ros2_ws) by extensions ['colcon_pkg']
[0.688s] Level 1:colcon.colcon_core.package_identification:_identify(/home/unitree/ros2_ws) by extension 'colcon_pkg'
[0.688s] Level 1:colcon.colcon_core.package_identification:_identify(/home/unitree/ros2_ws) by extensions ['colcon_meta']
[0.688s] Level 1:colcon.colcon_core.package_identification:_identify(/home/unitree/ros2_ws) by extension 'colcon_meta'
[0.688s] Level 1:colcon.colcon_core.package_identification:_identify(/home/unitree/ros2_ws) by extensions ['ros']
[0.688s] Level 1:colcon.colcon_core.package_identification:_identify(/home/unitree/ros2_ws) by extension 'ros'
[0.711s] Level 1:colcon.colcon_core.package_identification:_identify(/home/unitree/ros2_ws) by extensions ['cmake', 'python']
[0.711s] Level 1:colcon.colcon_core.package_identification:_identify(/home/unitree/ros2_ws) by extension 'cmake'
[0.711s] Level 1:colcon.colcon_core.package_identification:_identify(/home/unitree/ros2_ws) by extension 'python'
[0.711s] Level 1:colcon.colcon_core.package_identification:_identify(/home/unitree/ros2_ws) by extensions ['python_setup_py']
[0.711s] Level 1:colcon.colcon_core.package_identification:_identify(/home/unitree/ros2_ws) by extension 'python_setup_py'
[0.712s] Level 1:colcon.colcon_core.package_identification:_identify(/home/unitree/ros2_ws/log) by extensions ['ignore', 'ignore_ament_install']
[0.712s] Level 1:colcon.colcon_core.package_identification:_identify(/home/unitree/ros2_ws/log) by extension 'ignore'
[0.712s] Level 1:colcon.colcon_core.package_identification:_identify(/home/unitree/ros2_ws/log) ignored
[0.712s] Level 1:colcon.colcon_core.package_identification:_identify(/home/unitree/ros2_ws/src) by extensions ['ignore', 'ignore_ament_install']
[0.712s] Level 1:colcon.colcon_core.package_identification:_identify(/home/unitree/ros2_ws/src) by extension 'ignore'
[0.713s] Level 1:colcon.colcon_core.package_identification:_identify(/home/unitree/ros2_ws/src) by extension 'ignore_ament_install'
[0.713s] Level 1:colcon.colcon_core.package_identification:_identify(/home/unitree/ros2_ws/src) by extensions ['colcon_pkg']
[0.713s] Level 1:colcon.colcon_core.package_identification:_identify(/home/unitree/ros2_ws/src) by extension 'colcon_pkg'
[0.713s] Level 1:colcon.colcon_core.package_identification:_identify(/home/unitree/ros2_ws/src) by extensions ['colcon_meta']
[0.713s] Level 1:colcon.colcon_core.package_identification:_identify(/home/unitree/ros2_ws/src) by extension 'colcon_meta'
[0.713s] Level 1:colcon.colcon_core.package_identification:_identify(/home/unitree/ros2_ws/src) by extensions ['ros']
[0.713s] Level 1:colcon.colcon_core.package_identification:_identify(/home/unitree/ros2_ws/src) by extension 'ros'
[0.713s] Level 1:colcon.colcon_core.package_identification:_identify(/home/unitree/ros2_ws/src) by extensions ['cmake', 'python']
[0.713s] Level 1:colcon.colcon_core.package_identification:_identify(/home/unitree/ros2_ws/src) by extension 'cmake'
[0.713s] Level 1:colcon.colcon_core.package_identification:_identify(/home/unitree/ros2_ws/src) by extension 'python'
[0.713s] Level 1:colcon.colcon_core.package_identification:_identify(/home/unitree/ros2_ws/src) by extensions ['python_setup_py']
[0.713s] Level 1:colcon.colcon_core.package_identification:_identify(/home/unitree/ros2_ws/src) by extension 'python_setup_py'
[0.714s] Level 1:colcon.colcon_core.package_identification:_identify(/home/unitree/ros2_ws/src/SuperOdom) by extensions ['ignore', 'ignore_ament_install']
[0.714s] Level 1:colcon.colcon_core.package_identification:_identify(/home/unitree/ros2_ws/src/SuperOdom) by extension 'ignore'
[0.714s] Level 1:colcon.colcon_core.package_identification:_identify(/home/unitree/ros2_ws/src/SuperOdom) by extension 'ignore_ament_install'
[0.714s] Level 1:colcon.colcon_core.package_identification:_identify(/home/unitree/ros2_ws/src/SuperOdom) by extensions ['colcon_pkg']
[0.714s] Level 1:colcon.colcon_core.package_identification:_identify(/home/unitree/ros2_ws/src/SuperOdom) by extension 'colcon_pkg'
[0.714s] Level 1:colcon.colcon_core.package_identification:_identify(/home/unitree/ros2_ws/src/SuperOdom) by extensions ['colcon_meta']
[0.714s] Level 1:colcon.colcon_core.package_identification:_identify(/home/unitree/ros2_ws/src/SuperOdom) by extension 'colcon_meta'
[0.714s] Level 1:colcon.colcon_core.package_identification:_identify(/home/unitree/ros2_ws/src/SuperOdom) by extensions ['ros']
[0.714s] Level 1:colcon.colcon_core.package_identification:_identify(/home/unitree/ros2_ws/src/SuperOdom) by extension 'ros'
[0.715s] Level 1:colcon.colcon_core.package_identification:_identify(/home/unitree/ros2_ws/src/SuperOdom) by extensions ['cmake', 'python']
[0.715s] Level 1:colcon.colcon_core.package_identification:_identify(/home/unitree/ros2_ws/src/SuperOdom) by extension 'cmake'
[0.715s] Level 1:colcon.colcon_core.package_identification:_identify(/home/unitree/ros2_ws/src/SuperOdom) by extension 'python'
[0.715s] Level 1:colcon.colcon_core.package_identification:_identify(/home/unitree/ros2_ws/src/SuperOdom) by extensions ['python_setup_py']
[0.715s] Level 1:colcon.colcon_core.package_identification:_identify(/home/unitree/ros2_ws/src/SuperOdom) by extension 'python_setup_py'
[0.715s] Level 1:colcon.colcon_core.package_identification:_identify(/home/unitree/ros2_ws/src/SuperOdom/doc) by extensions ['ignore', 'ignore_ament_install']
[0.715s] Level 1:colcon.colcon_core.package_identification:_identify(/home/unitree/ros2_ws/src/SuperOdom/doc) by extension 'ignore'
[0.715s] Level 1:colcon.colcon_core.package_identification:_identify(/home/unitree/ros2_ws/src/SuperOdom/doc) by extension 'ignore_ament_install'
[0.715s] Level 1:colcon.colcon_core.package_identification:_identify(/home/unitree/ros2_ws/src/SuperOdom/doc) by extensions ['colcon_pkg']
[0.715s] Level 1:colcon.colcon_core.package_identification:_identify(/home/unitree/ros2_ws/src/SuperOdom/doc) by extension 'colcon_pkg'
[0.715s] Level 1:colcon.colcon_core.package_identification:_identify(/home/unitree/ros2_ws/src/SuperOdom/doc) by extensions ['colcon_meta']
[0.716s] Level 1:colcon.colcon_core.package_identification:_identify(/home/unitree/ros2_ws/src/SuperOdom/doc) by extension 'colcon_meta'
[0.716s] Level 1:colcon.colcon_core.package_identification:_identify(/home/unitree/ros2_ws/src/SuperOdom/doc) by extensions ['ros']
[0.716s] Level 1:colcon.colcon_core.package_identification:_identify(/home/unitree/ros2_ws/src/SuperOdom/doc) by extension 'ros'
[0.716s] Level 1:colcon.colcon_core.package_identification:_identify(/home/unitree/ros2_ws/src/SuperOdom/doc) by extensions ['cmake', 'python']
[0.716s] Level 1:colcon.colcon_core.package_identification:_identify(/home/unitree/ros2_ws/src/SuperOdom/doc) by extension 'cmake'
[0.716s] Level 1:colcon.colcon_core.package_identification:_identify(/home/unitree/ros2_ws/src/SuperOdom/doc) by extension 'python'
[0.716s] Level 1:colcon.colcon_core.package_identification:_identify(/home/unitree/ros2_ws/src/SuperOdom/doc) by extensions ['python_setup_py']
[0.716s] Level 1:colcon.colcon_core.package_identification:_identify(/home/unitree/ros2_ws/src/SuperOdom/doc) by extension 'python_setup_py'
[0.716s] Level 1:colcon.colcon_core.package_identification:_identify(/home/unitree/ros2_ws/src/SuperOdom/ros2_humble_docker) by extensions ['ignore', 'ignore_ament_install']
[0.716s] Level 1:colcon.colcon_core.package_identification:_identify(/home/unitree/ros2_ws/src/SuperOdom/ros2_humble_docker) by extension 'ignore'
[0.717s] Level 1:colcon.colcon_core.package_identification:_identify(/home/unitree/ros2_ws/src/SuperOdom/ros2_humble_docker) by extension 'ignore_ament_install'
[0.717s] Level 1:colcon.colcon_core.package_identification:_identify(/home/unitree/ros2_ws/src/SuperOdom/ros2_humble_docker) by extensions ['colcon_pkg']
[0.717s] Level 1:colcon.colcon_core.package_identification:_identify(/home/unitree/ros2_ws/src/SuperOdom/ros2_humble_docker) by extension 'colcon_pkg'
[0.717s] Level 1:colcon.colcon_core.package_identification:_identify(/home/unitree/ros2_ws/src/SuperOdom/ros2_humble_docker) by extensions ['colcon_meta']
[0.717s] Level 1:colcon.colcon_core.package_identification:_identify(/home/unitree/ros2_ws/src/SuperOdom/ros2_humble_docker) by extension 'colcon_meta'
[0.717s] Level 1:colcon.colcon_core.package_identification:_identify(/home/unitree/ros2_ws/src/SuperOdom/ros2_humble_docker) by extensions ['ros']
[0.717s] Level 1:colcon.colcon_core.package_identification:_identify(/home/unitree/ros2_ws/src/SuperOdom/ros2_humble_docker) by extension 'ros'
[0.717s] Level 1:colcon.colcon_core.package_identification:_identify(/home/unitree/ros2_ws/src/SuperOdom/ros2_humble_docker) by extensions ['cmake', 'python']
[0.717s] Level 1:colcon.colcon_core.package_identification:_identify(/home/unitree/ros2_ws/src/SuperOdom/ros2_humble_docker) by extension 'cmake'
[0.717s] Level 1:colcon.colcon_core.package_identification:_identify(/home/unitree/ros2_ws/src/SuperOdom/ros2_humble_docker) by extension 'python'
[0.717s] Level 1:colcon.colcon_core.package_identification:_identify(/home/unitree/ros2_ws/src/SuperOdom/ros2_humble_docker) by extensions ['python_setup_py']
[0.717s] Level 1:colcon.colcon_core.package_identification:_identify(/home/unitree/ros2_ws/src/SuperOdom/ros2_humble_docker) by extension 'python_setup_py'
[0.718s] Level 1:colcon.colcon_core.package_identification:_identify(/home/unitree/ros2_ws/src/SuperOdom/script) by extensions ['ignore', 'ignore_ament_install']
[0.718s] Level 1:colcon.colcon_core.package_identification:_identify(/home/unitree/ros2_ws/src/SuperOdom/script) by extension 'ignore'
[0.718s] Level 1:colcon.colcon_core.package_identification:_identify(/home/unitree/ros2_ws/src/SuperOdom/script) by extension 'ignore_ament_install'
[0.718s] Level 1:colcon.colcon_core.package_identification:_identify(/home/unitree/ros2_ws/src/SuperOdom/script) by extensions ['colcon_pkg']
[0.718s] Level 1:colcon.colcon_core.package_identification:_identify(/home/unitree/ros2_ws/src/SuperOdom/script) by extension 'colcon_pkg'
[0.718s] Level 1:colcon.colcon_core.package_identification:_identify(/home/unitree/ros2_ws/src/SuperOdom/script) by extensions ['colcon_meta']
[0.718s] Level 1:colcon.colcon_core.package_identification:_identify(/home/unitree/ros2_ws/src/SuperOdom/script) by extension 'colcon_meta'
[0.718s] Level 1:colcon.colcon_core.package_identification:_identify(/home/unitree/ros2_ws/src/SuperOdom/script) by extensions ['ros']
[0.718s] Level 1:colcon.colcon_core.package_identification:_identify(/home/unitree/ros2_ws/src/SuperOdom/script) by extension 'ros'
[0.718s] Level 1:colcon.colcon_core.package_identification:_identify(/home/unitree/ros2_ws/src/SuperOdom/script) by extensions ['cmake', 'python']
[0.719s] Level 1:colcon.colcon_core.package_identification:_identify(/home/unitree/ros2_ws/src/SuperOdom/script) by extension 'cmake'
[0.719s] Level 1:colcon.colcon_core.package_identification:_identify(/home/unitree/ros2_ws/src/SuperOdom/script) by extension 'python'
[0.719s] Level 1:colcon.colcon_core.package_identification:_identify(/home/unitree/ros2_ws/src/SuperOdom/script) by extensions ['python_setup_py']
[0.719s] Level 1:colcon.colcon_core.package_identification:_identify(/home/unitree/ros2_ws/src/SuperOdom/script) by extension 'python_setup_py'
[0.719s] Level 1:colcon.colcon_core.package_identification:_identify(/home/unitree/ros2_ws/src/SuperOdom/script/visualizers) by extensions ['ignore', 'ignore_ament_install']
[0.719s] Level 1:colcon.colcon_core.package_identification:_identify(/home/unitree/ros2_ws/src/SuperOdom/script/visualizers) by extension 'ignore'
[0.719s] Level 1:colcon.colcon_core.package_identification:_identify(/home/unitree/ros2_ws/src/SuperOdom/script/visualizers) by extension 'ignore_ament_install'
[0.719s] Level 1:colcon.colcon_core.package_identification:_identify(/home/unitree/ros2_ws/src/SuperOdom/script/visualizers) by extensions ['colcon_pkg']
[0.719s] Level 1:colcon.colcon_core.package_identification:_identify(/home/unitree/ros2_ws/src/SuperOdom/script/visualizers) by extension 'colcon_pkg'
[0.719s] Level 1:colcon.colcon_core.package_identification:_identify(/home/unitree/ros2_ws/src/SuperOdom/script/visualizers) by extensions ['colcon_meta']
[0.720s] Level 1:colcon.colcon_core.package_identification:_identify(/home/unitree/ros2_ws/src/SuperOdom/script/visualizers) by extension 'colcon_meta'
[0.720s] Level 1:colcon.colcon_core.package_identification:_identify(/home/unitree/ros2_ws/src/SuperOdom/script/visualizers) by extensions ['ros']
[0.720s] Level 1:colcon.colcon_core.package_identification:_identify(/home/unitree/ros2_ws/src/SuperOdom/script/visualizers) by extension 'ros'
[0.720s] Level 1:colcon.colcon_core.package_identification:_identify(/home/unitree/ros2_ws/src/SuperOdom/script/visualizers) by extensions ['cmake', 'python']
[0.720s] Level 1:colcon.colcon_core.package_identification:_identify(/home/unitree/ros2_ws/src/SuperOdom/script/visualizers) by extension 'cmake'
[0.720s] Level 1:colcon.colcon_core.package_identification:_identify(/home/unitree/ros2_ws/src/SuperOdom/script/visualizers) by extension 'python'
[0.720s] Level 1:colcon.colcon_core.package_identification:_identify(/home/unitree/ros2_ws/src/SuperOdom/script/visualizers) by extensions ['python_setup_py']
[0.720s] Level 1:colcon.colcon_core.package_identification:_identify(/home/unitree/ros2_ws/src/SuperOdom/script/visualizers) by extension 'python_setup_py'
[0.720s] Level 1:colcon.colcon_core.package_identification:_identify(/home/unitree/ros2_ws/src/SuperOdom/super_odometry) by extensions ['ignore', 'ignore_ament_install']
[0.720s] Level 1:colcon.colcon_core.package_identification:_identify(/home/unitree/ros2_ws/src/SuperOdom/super_odometry) by extension 'ignore'
[0.721s] Level 1:colcon.colcon_core.package_identification:_identify(/home/unitree/ros2_ws/src/SuperOdom/super_odometry) by extension 'ignore_ament_install'
[0.721s] Level 1:colcon.colcon_core.package_identification:_identify(/home/unitree/ros2_ws/src/SuperOdom/super_odometry) by extensions ['colcon_pkg']
[0.721s] Level 1:colcon.colcon_core.package_identification:_identify(/home/unitree/ros2_ws/src/SuperOdom/super_odometry) by extension 'colcon_pkg'
[0.721s] Level 1:colcon.colcon_core.package_identification:_identify(/home/unitree/ros2_ws/src/SuperOdom/super_odometry) by extensions ['colcon_meta']
[0.721s] Level 1:colcon.colcon_core.package_identification:_identify(/home/unitree/ros2_ws/src/SuperOdom/super_odometry) by extension 'colcon_meta'
[0.721s] Level 1:colcon.colcon_core.package_identification:_identify(/home/unitree/ros2_ws/src/SuperOdom/super_odometry) by extensions ['ros']
[0.721s] Level 1:colcon.colcon_core.package_identification:_identify(/home/unitree/ros2_ws/src/SuperOdom/super_odometry) by extension 'ros'
[0.728s] DEBUG:colcon.colcon_core.package_identification:Package '/home/unitree/ros2_ws/src/SuperOdom/super_odometry' with type 'ros.ament_cmake' and name 'super_odometry'
[0.729s] Level 1:colcon.colcon_core.package_identification:_identify(/home/unitree/ros2_ws/src/SuperOdom/super_odometry_msgs) by extensions ['ignore', 'ignore_ament_install']
[0.729s] Level 1:colcon.colcon_core.package_identification:_identify(/home/unitree/ros2_ws/src/SuperOdom/super_odometry_msgs) by extension 'ignore'
[0.729s] Level 1:colcon.colcon_core.package_identification:_identify(/home/unitree/ros2_ws/src/SuperOdom/super_odometry_msgs) by extension 'ignore_ament_install'
[0.729s] Level 1:colcon.colcon_core.package_identification:_identify(/home/unitree/ros2_ws/src/SuperOdom/super_odometry_msgs) by extensions ['colcon_pkg']
[0.729s] Level 1:colcon.colcon_core.package_identification:_identify(/home/unitree/ros2_ws/src/SuperOdom/super_odometry_msgs) by extension 'colcon_pkg'
[0.729s] Level 1:colcon.colcon_core.package_identification:_identify(/home/unitree/ros2_ws/src/SuperOdom/super_odometry_msgs) by extensions ['colcon_meta']
[0.730s] Level 1:colcon.colcon_core.package_identification:_identify(/home/unitree/ros2_ws/src/SuperOdom/super_odometry_msgs) by extension 'colcon_meta'
[0.730s] Level 1:colcon.colcon_core.package_identification:_identify(/home/unitree/ros2_ws/src/SuperOdom/super_odometry_msgs) by extensions ['ros']
[0.730s] Level 1:colcon.colcon_core.package_identification:_identify(/home/unitree/ros2_ws/src/SuperOdom/super_odometry_msgs) by extension 'ros'
[0.732s] DEBUG:colcon.colcon_core.package_identification:Package '/home/unitree/ros2_ws/src/SuperOdom/super_odometry_msgs' with type 'ros.ament_cmake' and name 'super_odometry_msgs'
[0.732s] Level 1:colcon.colcon_core.package_discovery:discover_packages(recursive) using defaults
